The target system is: Generic -  - 
The host system is: Darwin - 22.2.0 - arm64
Compiling the C compiler identification source file "CMakeCCompilerId.c" succeeded.
Compiler: /Users/heath/.espressif/tools/xtensa-esp32-elf/esp-2022r1-11.2.0/xtensa-esp32-elf/bin/xtensa-esp32-elf-gcc 
Build flags: -mlongcalls;-Wno-frame-address;
Id flags:  

The output was:
0


Compilation of the C compiler identification source "CMakeCCompilerId.c" produced "a.out"

The C compiler identification is GNU, found in "/Users/heath/Library/CloudStorage/OneDrive-Function0/40-Software/02-Development/test4/cmake-build-debug/CMakeFiles/3.24.2/CompilerIdC/a.out"

Compiling the CXX compiler identification source file "CMakeCXXCompilerId.cpp" succeeded.
Compiler: /Users/heath/.espressif/tools/xtensa-esp32-elf/esp-2022r1-11.2.0/xtensa-esp32-elf/bin/xtensa-esp32-elf-g++ 
Build flags: -mlongcalls;-Wno-frame-address;
Id flags:  

The output was:
0


Compilation of the CXX compiler identification source "CMakeCXXCompilerId.cpp" produced "a.out"

The CXX compiler identification is GNU, found in "/Users/heath/Library/CloudStorage/OneDrive-Function0/40-Software/02-Development/test4/cmake-build-debug/CMakeFiles/3.24.2/CompilerIdCXX/a.out"

Checking whether the ASM compiler is GNU using "--version" matched "(GNU assembler)|(GCC)|(Free Software Foundation)":
xtensa-esp32-elf-gcc (crosstool-NG esp-2022r1) 11.2.0
Copyright (C) 2021 Free Software Foundation, Inc.
This is free software; see the source for copying conditions.  There is NO
warranty; not even for MERCHANTABILITY or FITNESS FOR A PARTICULAR PURPOSE.

Detecting C compiler ABI info compiled with the following output:
Change Dir: /Users/heath/Library/CloudStorage/OneDrive-Function0/40-Software/02-Development/test4/cmake-build-debug/CMakeFiles/CMakeTmp

Run Build Command(s):/Users/heath/Library/Application Support/JetBrains/Toolbox/apps/CLion/ch-0/223.8214.51/CLion.app/Contents/bin/ninja/mac/ninja cmTC_1e5e8 && [1/2] Building C object CMakeFiles/cmTC_1e5e8.dir/CMakeCCompilerABI.c.obj
Using built-in specs.
COLLECT_GCC=/Users/heath/.espressif/tools/xtensa-esp32-elf/esp-2022r1-11.2.0/xtensa-esp32-elf/bin/xtensa-esp32-elf-gcc
Target: xtensa-esp32-elf
Configured with: /Users/brnomac003/.gitlab-runner/builds/qR2TxTby/1/idf/crosstool-NG/.build/xtensa-esp32-elf/src/gcc/configure --build=aarch64-build_apple-darwin21.4.0 --host=aarch64-build_apple-darwin21.4.0 --target=xtensa-esp32-elf --prefix=/Users/brnomac003/.gitlab-runner/builds/qR2TxTby/1/idf/crosstool-NG/builds/xtensa-esp32-elf --exec_prefix=/Users/brnomac003/.gitlab-runner/builds/qR2TxTby/1/idf/crosstool-NG/builds/xtensa-esp32-elf --with-local-prefix=/Users/brnomac003/.gitlab-runner/builds/qR2TxTby/1/idf/crosstool-NG/builds/xtensa-esp32-elf/xtensa-esp32-elf --with-headers=/Users/brnomac003/.gitlab-runner/builds/qR2TxTby/1/idf/crosstool-NG/builds/xtensa-esp32-elf/xtensa-esp32-elf/include --with-newlib --enable-threads=no --disable-shared --with-pkgversion='crosstool-NG esp-2022r1' --disable-__cxa_atexit --enable-cxx-flags=-ffunction-sections --disable-libgomp --disable-libmudflap --disable-libmpx --disable-libssp --disable-libquadmath --disable-libquadmath-support --disable-libstdcxx-verbose --with-gmp=/Users/brnomac003/.gitlab-runner/builds/qR2TxTby/1/idf/crosstool-NG/.build/xtensa-esp32-elf/buildtools --with-mpfr=/Users/brnomac003/.gitlab-runner/builds/qR2TxTby/1/idf/crosstool-NG/.build/xtensa-esp32-elf/buildtools --with-mpc=/Users/brnomac003/.gitlab-runner/builds/qR2TxTby/1/idf/crosstool-NG/.build/xtensa-esp32-elf/buildtools --with-isl=/Users/brnomac003/.gitlab-runner/builds/qR2TxTby/1/idf/crosstool-NG/.build/xtensa-esp32-elf/buildtools --enable-lto --enable-target-optspace --without-long-double-128 --disable-nls --enable-multiarch --enable-languages=c,c++ --disable-libstdcxx-verbose --enable-threads=posix --enable-gcov-custom-rtio --enable-libstdcxx-time=yes
Thread model: posix
Supported LTO compression algorithms: zlib
gcc version 11.2.0 (crosstool-NG esp-2022r1) 
COLLECT_GCC_OPTIONS='-fdiagnostics-color=always' '-mlongcalls' '-Wno-frame-address' '-v' '-o' 'CMakeFiles/cmTC_1e5e8.dir/CMakeCCompilerABI.c.obj' '-c' '-dumpdir' 'CMakeFiles/cmTC_1e5e8.dir/'
 /Users/heath/.espressif/tools/xtensa-esp32-elf/esp-2022r1-11.2.0/xtensa-esp32-elf/bin/../libexec/gcc/xtensa-esp32-elf/11.2.0/cc1 -quiet -v -iprefix /Users/heath/.espressif/tools/xtensa-esp32-elf/esp-2022r1-11.2.0/xtensa-esp32-elf/bin/../lib/gcc/xtensa-esp32-elf/11.2.0/ /Users/heath/Library/Application Support/JetBrains/Toolbox/apps/CLion/ch-0/223.8214.51/CLion.app/Contents/bin/cmake/mac/share/cmake-3.24/Modules/CMakeCCompilerABI.c -quiet -dumpdir CMakeFiles/cmTC_1e5e8.dir/ -dumpbase CMakeCCompilerABI.c.c -dumpbase-ext .c -mlongcalls -Wno-frame-address -version -fdiagnostics-color=always -o /var/folders/1h/q99727pj4bs65f2df8jgq5cr0000gn/T//ccY7DAYE.s
GNU C17 (crosstool-NG esp-2022r1) version 11.2.0 (xtensa-esp32-elf)
	compiled by GNU C version Apple LLVM 13.0.0 (clang-1300.0.27.3), GMP version 6.2.1, MPFR version 4.1.0, MPC version 1.2.1, isl version isl-0.24-GMP

GGC heuristics: --param ggc-min-expand=100 --param ggc-min-heapsize=131072
ignoring duplicate directory "/Users/heath/.espressif/tools/xtensa-esp32-elf/esp-2022r1-11.2.0/xtensa-esp32-elf/bin/../lib/gcc/../../lib/gcc/xtensa-esp32-elf/11.2.0/include"
ignoring duplicate directory "/Users/heath/.espressif/tools/xtensa-esp32-elf/esp-2022r1-11.2.0/xtensa-esp32-elf/bin/../lib/gcc/../../lib/gcc/xtensa-esp32-elf/11.2.0/include-fixed"
ignoring duplicate directory "/Users/heath/.espressif/tools/xtensa-esp32-elf/esp-2022r1-11.2.0/xtensa-esp32-elf/bin/../lib/gcc/../../lib/gcc/xtensa-esp32-elf/11.2.0/../../../../xtensa-esp32-elf/sys-include"
ignoring duplicate directory "/Users/heath/.espressif/tools/xtensa-esp32-elf/esp-2022r1-11.2.0/xtensa-esp32-elf/bin/../lib/gcc/../../lib/gcc/xtensa-esp32-elf/11.2.0/../../../../xtensa-esp32-elf/include"
#include "..." search starts here:
#include <...> search starts here:
 /Users/heath/.espressif/tools/xtensa-esp32-elf/esp-2022r1-11.2.0/xtensa-esp32-elf/bin/../lib/gcc/xtensa-esp32-elf/11.2.0/include
 /Users/heath/.espressif/tools/xtensa-esp32-elf/esp-2022r1-11.2.0/xtensa-esp32-elf/bin/../lib/gcc/xtensa-esp32-elf/11.2.0/include-fixed
 /Users/heath/.espressif/tools/xtensa-esp32-elf/esp-2022r1-11.2.0/xtensa-esp32-elf/bin/../lib/gcc/xtensa-esp32-elf/11.2.0/../../../../xtensa-esp32-elf/sys-include
 /Users/heath/.espressif/tools/xtensa-esp32-elf/esp-2022r1-11.2.0/xtensa-esp32-elf/bin/../lib/gcc/xtensa-esp32-elf/11.2.0/../../../../xtensa-esp32-elf/include
End of search list.
GNU C17 (crosstool-NG esp-2022r1) version 11.2.0 (xtensa-esp32-elf)
	compiled by GNU C version Apple LLVM 13.0.0 (clang-1300.0.27.3), GMP version 6.2.1, MPFR version 4.1.0, MPC version 1.2.1, isl version isl-0.24-GMP

GGC heuristics: --param ggc-min-expand=100 --param ggc-min-heapsize=131072
Compiler executable checksum: 416736c96ebb5802820cc8aed8b76115
COLLECT_GCC_OPTIONS='-fdiagnostics-color=always' '-mlongcalls' '-Wno-frame-address' '-v' '-o' 'CMakeFiles/cmTC_1e5e8.dir/CMakeCCompilerABI.c.obj' '-c' '-dumpdir' 'CMakeFiles/cmTC_1e5e8.dir/'
 /Users/heath/.espressif/tools/xtensa-esp32-elf/esp-2022r1-11.2.0/xtensa-esp32-elf/bin/../lib/gcc/xtensa-esp32-elf/11.2.0/../../../../xtensa-esp32-elf/bin/as --traditional-format --longcalls -o CMakeFiles/cmTC_1e5e8.dir/CMakeCCompilerABI.c.obj /var/folders/1h/q99727pj4bs65f2df8jgq5cr0000gn/T//ccY7DAYE.s
COMPILER_PATH=/Users/heath/.espressif/tools/xtensa-esp32-elf/esp-2022r1-11.2.0/xtensa-esp32-elf/bin/../libexec/gcc/xtensa-esp32-elf/11.2.0/:/Users/heath/.espressif/tools/xtensa-esp32-elf/esp-2022r1-11.2.0/xtensa-esp32-elf/bin/../libexec/gcc/:/Users/heath/.espressif/tools/xtensa-esp32-elf/esp-2022r1-11.2.0/xtensa-esp32-elf/bin/../lib/gcc/xtensa-esp32-elf/11.2.0/../../../../xtensa-esp32-elf/bin/
LIBRARY_PATH=/Users/heath/.espressif/tools/xtensa-esp32-elf/esp-2022r1-11.2.0/xtensa-esp32-elf/bin/../lib/gcc/xtensa-esp32-elf/11.2.0/:/Users/heath/.espressif/tools/xtensa-esp32-elf/esp-2022r1-11.2.0/xtensa-esp32-elf/bin/../lib/gcc/:/Users/heath/.espressif/tools/xtensa-esp32-elf/esp-2022r1-11.2.0/xtensa-esp32-elf/bin/../lib/gcc/xtensa-esp32-elf/11.2.0/../../../../xtensa-esp32-elf/lib/
COLLECT_GCC_OPTIONS='-fdiagnostics-color=always' '-mlongcalls' '-Wno-frame-address' '-v' '-o' 'CMakeFiles/cmTC_1e5e8.dir/CMakeCCompilerABI.c.obj' '-c' '-dumpdir' 'CMakeFiles/cmTC_1e5e8.dir/CMakeCCompilerABI.c.'
[2/2] Linking C executable cmTC_1e5e8
Using built-in specs.
COLLECT_GCC=/Users/heath/.espressif/tools/xtensa-esp32-elf/esp-2022r1-11.2.0/xtensa-esp32-elf/bin/xtensa-esp32-elf-gcc
COLLECT_LTO_WRAPPER=/Users/heath/.espressif/tools/xtensa-esp32-elf/esp-2022r1-11.2.0/xtensa-esp32-elf/bin/../libexec/gcc/xtensa-esp32-elf/11.2.0/lto-wrapper
Target: xtensa-esp32-elf
Configured with: /Users/brnomac003/.gitlab-runner/builds/qR2TxTby/1/idf/crosstool-NG/.build/xtensa-esp32-elf/src/gcc/configure --build=aarch64-build_apple-darwin21.4.0 --host=aarch64-build_apple-darwin21.4.0 --target=xtensa-esp32-elf --prefix=/Users/brnomac003/.gitlab-runner/builds/qR2TxTby/1/idf/crosstool-NG/builds/xtensa-esp32-elf --exec_prefix=/Users/brnomac003/.gitlab-runner/builds/qR2TxTby/1/idf/crosstool-NG/builds/xtensa-esp32-elf --with-local-prefix=/Users/brnomac003/.gitlab-runner/builds/qR2TxTby/1/idf/crosstool-NG/builds/xtensa-esp32-elf/xtensa-esp32-elf --with-headers=/Users/brnomac003/.gitlab-runner/builds/qR2TxTby/1/idf/crosstool-NG/builds/xtensa-esp32-elf/xtensa-esp32-elf/include --with-newlib --enable-threads=no --disable-shared --with-pkgversion='crosstool-NG esp-2022r1' --disable-__cxa_atexit --enable-cxx-flags=-ffunction-sections --disable-libgomp --disable-libmudflap --disable-libmpx --disable-libssp --disable-libquadmath --disable-libquadmath-support --disable-libstdcxx-verbose --with-gmp=/Users/brnomac003/.gitlab-runner/builds/qR2TxTby/1/idf/crosstool-NG/.build/xtensa-esp32-elf/buildtools --with-mpfr=/Users/brnomac003/.gitlab-runner/builds/qR2TxTby/1/idf/crosstool-NG/.build/xtensa-esp32-elf/buildtools --with-mpc=/Users/brnomac003/.gitlab-runner/builds/qR2TxTby/1/idf/crosstool-NG/.build/xtensa-esp32-elf/buildtools --with-isl=/Users/brnomac003/.gitlab-runner/builds/qR2TxTby/1/idf/crosstool-NG/.build/xtensa-esp32-elf/buildtools --enable-lto --enable-target-optspace --without-long-double-128 --disable-nls --enable-multiarch --enable-languages=c,c++ --disable-libstdcxx-verbose --enable-threads=posix --enable-gcov-custom-rtio --enable-libstdcxx-time=yes
Thread model: posix
Supported LTO compression algorithms: zlib
gcc version 11.2.0 (crosstool-NG esp-2022r1) 
COMPILER_PATH=/Users/heath/.espressif/tools/xtensa-esp32-elf/esp-2022r1-11.2.0/xtensa-esp32-elf/bin/../libexec/gcc/xtensa-esp32-elf/11.2.0/:/Users/heath/.espressif/tools/xtensa-esp32-elf/esp-2022r1-11.2.0/xtensa-esp32-elf/bin/../libexec/gcc/:/Users/heath/.espressif/tools/xtensa-esp32-elf/esp-2022r1-11.2.0/xtensa-esp32-elf/bin/../lib/gcc/xtensa-esp32-elf/11.2.0/../../../../xtensa-esp32-elf/bin/
LIBRARY_PATH=/Users/heath/.espressif/tools/xtensa-esp32-elf/esp-2022r1-11.2.0/xtensa-esp32-elf/bin/../lib/gcc/xtensa-esp32-elf/11.2.0/:/Users/heath/.espressif/tools/xtensa-esp32-elf/esp-2022r1-11.2.0/xtensa-esp32-elf/bin/../lib/gcc/:/Users/heath/.espressif/tools/xtensa-esp32-elf/esp-2022r1-11.2.0/xtensa-esp32-elf/bin/../lib/gcc/xtensa-esp32-elf/11.2.0/../../../../xtensa-esp32-elf/lib/
COLLECT_GCC_OPTIONS='-mlongcalls' '-Wno-frame-address' '-v' '-o' 'cmTC_1e5e8' '-dumpdir' 'cmTC_1e5e8.'
 /Users/heath/.espressif/tools/xtensa-esp32-elf/esp-2022r1-11.2.0/xtensa-esp32-elf/bin/../libexec/gcc/xtensa-esp32-elf/11.2.0/collect2 -plugin /Users/heath/.espressif/tools/xtensa-esp32-elf/esp-2022r1-11.2.0/xtensa-esp32-elf/bin/../libexec/gcc/xtensa-esp32-elf/11.2.0/liblto_plugin.so -plugin-opt=/Users/heath/.espressif/tools/xtensa-esp32-elf/esp-2022r1-11.2.0/xtensa-esp32-elf/bin/../libexec/gcc/xtensa-esp32-elf/11.2.0/lto-wrapper -plugin-opt=-fresolution=/var/folders/1h/q99727pj4bs65f2df8jgq5cr0000gn/T//cc9FRjsb.res -plugin-opt=-pass-through=-lgcc -plugin-opt=-pass-through=-lc -plugin-opt=-pass-through=-lnosys -plugin-opt=-pass-through=-lc -plugin-opt=-pass-through=-lgcc -o cmTC_1e5e8 /Users/heath/.espressif/tools/xtensa-esp32-elf/esp-2022r1-11.2.0/xtensa-esp32-elf/bin/../lib/gcc/xtensa-esp32-elf/11.2.0/../../../../xtensa-esp32-elf/lib/crt0.o /Users/heath/.espressif/tools/xtensa-esp32-elf/esp-2022r1-11.2.0/xtensa-esp32-elf/bin/../lib/gcc/xtensa-esp32-elf/11.2.0/crti.o /Users/heath/.espressif/tools/xtensa-esp32-elf/esp-2022r1-11.2.0/xtensa-esp32-elf/bin/../lib/gcc/xtensa-esp32-elf/11.2.0/crtbegin.o -L/Users/heath/.espressif/tools/xtensa-esp32-elf/esp-2022r1-11.2.0/xtensa-esp32-elf/bin/../lib/gcc/xtensa-esp32-elf/11.2.0 -L/Users/heath/.espressif/tools/xtensa-esp32-elf/esp-2022r1-11.2.0/xtensa-esp32-elf/bin/../lib/gcc -L/Users/heath/.espressif/tools/xtensa-esp32-elf/esp-2022r1-11.2.0/xtensa-esp32-elf/bin/../lib/gcc/xtensa-esp32-elf/11.2.0/../../../../xtensa-esp32-elf/lib CMakeFiles/cmTC_1e5e8.dir/CMakeCCompilerABI.c.obj -lgcc -lc -lnosys -lc -lgcc /Users/heath/.espressif/tools/xtensa-esp32-elf/esp-2022r1-11.2.0/xtensa-esp32-elf/bin/../lib/gcc/xtensa-esp32-elf/11.2.0/crtend.o /Users/heath/.espressif/tools/xtensa-esp32-elf/esp-2022r1-11.2.0/xtensa-esp32-elf/bin/../lib/gcc/xtensa-esp32-elf/11.2.0/crtn.o
COLLECT_GCC_OPTIONS='-mlongcalls' '-Wno-frame-address' '-v' '-o' 'cmTC_1e5e8' '-dumpdir' 'cmTC_1e5e8.'



Parsed C implicit include dir info from above output: rv=done
  found start of include info
  found start of implicit include info
    add: [/Users/heath/.espressif/tools/xtensa-esp32-elf/esp-2022r1-11.2.0/xtensa-esp32-elf/bin/../lib/gcc/xtensa-esp32-elf/11.2.0/include]
    add: [/Users/heath/.espressif/tools/xtensa-esp32-elf/esp-2022r1-11.2.0/xtensa-esp32-elf/bin/../lib/gcc/xtensa-esp32-elf/11.2.0/include-fixed]
    add: [/Users/heath/.espressif/tools/xtensa-esp32-elf/esp-2022r1-11.2.0/xtensa-esp32-elf/bin/../lib/gcc/xtensa-esp32-elf/11.2.0/../../../../xtensa-esp32-elf/sys-include]
    add: [/Users/heath/.espressif/tools/xtensa-esp32-elf/esp-2022r1-11.2.0/xtensa-esp32-elf/bin/../lib/gcc/xtensa-esp32-elf/11.2.0/../../../../xtensa-esp32-elf/include]
  end of search list found
  collapse include dir [/Users/heath/.espressif/tools/xtensa-esp32-elf/esp-2022r1-11.2.0/xtensa-esp32-elf/bin/../lib/gcc/xtensa-esp32-elf/11.2.0/include] ==> [/Users/heath/.espressif/tools/xtensa-esp32-elf/esp-2022r1-11.2.0/xtensa-esp32-elf/lib/gcc/xtensa-esp32-elf/11.2.0/include]
  collapse include dir [/Users/heath/.espressif/tools/xtensa-esp32-elf/esp-2022r1-11.2.0/xtensa-esp32-elf/bin/../lib/gcc/xtensa-esp32-elf/11.2.0/include-fixed] ==> [/Users/heath/.espressif/tools/xtensa-esp32-elf/esp-2022r1-11.2.0/xtensa-esp32-elf/lib/gcc/xtensa-esp32-elf/11.2.0/include-fixed]
  collapse include dir [/Users/heath/.espressif/tools/xtensa-esp32-elf/esp-2022r1-11.2.0/xtensa-esp32-elf/bin/../lib/gcc/xtensa-esp32-elf/11.2.0/../../../../xtensa-esp32-elf/sys-include] ==> [/Users/heath/.espressif/tools/xtensa-esp32-elf/esp-2022r1-11.2.0/xtensa-esp32-elf/xtensa-esp32-elf/sys-include]
  collapse include dir [/Users/heath/.espressif/tools/xtensa-esp32-elf/esp-2022r1-11.2.0/xtensa-esp32-elf/bin/../lib/gcc/xtensa-esp32-elf/11.2.0/../../../../xtensa-esp32-elf/include] ==> [/Users/heath/.espressif/tools/xtensa-esp32-elf/esp-2022r1-11.2.0/xtensa-esp32-elf/xtensa-esp32-elf/include]
  implicit include dirs: [/Users/heath/.espressif/tools/xtensa-esp32-elf/esp-2022r1-11.2.0/xtensa-esp32-elf/lib/gcc/xtensa-esp32-elf/11.2.0/include;/Users/heath/.espressif/tools/xtensa-esp32-elf/esp-2022r1-11.2.0/xtensa-esp32-elf/lib/gcc/xtensa-esp32-elf/11.2.0/include-fixed;/Users/heath/.espressif/tools/xtensa-esp32-elf/esp-2022r1-11.2.0/xtensa-esp32-elf/xtensa-esp32-elf/sys-include;/Users/heath/.espressif/tools/xtensa-esp32-elf/esp-2022r1-11.2.0/xtensa-esp32-elf/xtensa-esp32-elf/include]


Parsed C implicit link information from above output:
  link line regex: [^( *|.*[/\])(ld|CMAKE_LINK_STARTFILE-NOTFOUND|([^/\]+-)?ld|collect2)[^/\]*( |$)]
  ignore line: [Change Dir: /Users/heath/Library/CloudStorage/OneDrive-Function0/40-Software/02-Development/test4/cmake-build-debug/CMakeFiles/CMakeTmp]
  ignore line: []
  ignore line: [Run Build Command(s):/Users/heath/Library/Application Support/JetBrains/Toolbox/apps/CLion/ch-0/223.8214.51/CLion.app/Contents/bin/ninja/mac/ninja cmTC_1e5e8 && [1/2] Building C object CMakeFiles/cmTC_1e5e8.dir/CMakeCCompilerABI.c.obj]
  ignore line: [Using built-in specs.]
  ignore line: [COLLECT_GCC=/Users/heath/.espressif/tools/xtensa-esp32-elf/esp-2022r1-11.2.0/xtensa-esp32-elf/bin/xtensa-esp32-elf-gcc]
  ignore line: [Target: xtensa-esp32-elf]
  ignore line: [Configured with: /Users/brnomac003/.gitlab-runner/builds/qR2TxTby/1/idf/crosstool-NG/.build/xtensa-esp32-elf/src/gcc/configure --build=aarch64-build_apple-darwin21.4.0 --host=aarch64-build_apple-darwin21.4.0 --target=xtensa-esp32-elf --prefix=/Users/brnomac003/.gitlab-runner/builds/qR2TxTby/1/idf/crosstool-NG/builds/xtensa-esp32-elf --exec_prefix=/Users/brnomac003/.gitlab-runner/builds/qR2TxTby/1/idf/crosstool-NG/builds/xtensa-esp32-elf --with-local-prefix=/Users/brnomac003/.gitlab-runner/builds/qR2TxTby/1/idf/crosstool-NG/builds/xtensa-esp32-elf/xtensa-esp32-elf --with-headers=/Users/brnomac003/.gitlab-runner/builds/qR2TxTby/1/idf/crosstool-NG/builds/xtensa-esp32-elf/xtensa-esp32-elf/include --with-newlib --enable-threads=no --disable-shared --with-pkgversion='crosstool-NG esp-2022r1' --disable-__cxa_atexit --enable-cxx-flags=-ffunction-sections --disable-libgomp --disable-libmudflap --disable-libmpx --disable-libssp --disable-libquadmath --disable-libquadmath-support --disable-libstdcxx-verbose --with-gmp=/Users/brnomac003/.gitlab-runner/builds/qR2TxTby/1/idf/crosstool-NG/.build/xtensa-esp32-elf/buildtools --with-mpfr=/Users/brnomac003/.gitlab-runner/builds/qR2TxTby/1/idf/crosstool-NG/.build/xtensa-esp32-elf/buildtools --with-mpc=/Users/brnomac003/.gitlab-runner/builds/qR2TxTby/1/idf/crosstool-NG/.build/xtensa-esp32-elf/buildtools --with-isl=/Users/brnomac003/.gitlab-runner/builds/qR2TxTby/1/idf/crosstool-NG/.build/xtensa-esp32-elf/buildtools --enable-lto --enable-target-optspace --without-long-double-128 --disable-nls --enable-multiarch --enable-languages=c c++ --disable-libstdcxx-verbose --enable-threads=posix --enable-gcov-custom-rtio --enable-libstdcxx-time=yes]
  ignore line: [Thread model: posix]
  ignore line: [Supported LTO compression algorithms: zlib]
  ignore line: [gcc version 11.2.0 (crosstool-NG esp-2022r1) ]
  ignore line: [COLLECT_GCC_OPTIONS='-fdiagnostics-color=always' '-mlongcalls' '-Wno-frame-address' '-v' '-o' 'CMakeFiles/cmTC_1e5e8.dir/CMakeCCompilerABI.c.obj' '-c' '-dumpdir' 'CMakeFiles/cmTC_1e5e8.dir/']
  ignore line: [ /Users/heath/.espressif/tools/xtensa-esp32-elf/esp-2022r1-11.2.0/xtensa-esp32-elf/bin/../libexec/gcc/xtensa-esp32-elf/11.2.0/cc1 -quiet -v -iprefix /Users/heath/.espressif/tools/xtensa-esp32-elf/esp-2022r1-11.2.0/xtensa-esp32-elf/bin/../lib/gcc/xtensa-esp32-elf/11.2.0/ /Users/heath/Library/Application Support/JetBrains/Toolbox/apps/CLion/ch-0/223.8214.51/CLion.app/Contents/bin/cmake/mac/share/cmake-3.24/Modules/CMakeCCompilerABI.c -quiet -dumpdir CMakeFiles/cmTC_1e5e8.dir/ -dumpbase CMakeCCompilerABI.c.c -dumpbase-ext .c -mlongcalls -Wno-frame-address -version -fdiagnostics-color=always -o /var/folders/1h/q99727pj4bs65f2df8jgq5cr0000gn/T//ccY7DAYE.s]
  ignore line: [GNU C17 (crosstool-NG esp-2022r1) version 11.2.0 (xtensa-esp32-elf)]
  ignore line: [	compiled by GNU C version Apple LLVM 13.0.0 (clang-1300.0.27.3)  GMP version 6.2.1  MPFR version 4.1.0  MPC version 1.2.1  isl version isl-0.24-GMP]
  ignore line: []
  ignore line: [GGC heuristics: --param ggc-min-expand=100 --param ggc-min-heapsize=131072]
  ignore line: [ignoring duplicate directory "/Users/heath/.espressif/tools/xtensa-esp32-elf/esp-2022r1-11.2.0/xtensa-esp32-elf/bin/../lib/gcc/../../lib/gcc/xtensa-esp32-elf/11.2.0/include"]
  ignore line: [ignoring duplicate directory "/Users/heath/.espressif/tools/xtensa-esp32-elf/esp-2022r1-11.2.0/xtensa-esp32-elf/bin/../lib/gcc/../../lib/gcc/xtensa-esp32-elf/11.2.0/include-fixed"]
  ignore line: [ignoring duplicate directory "/Users/heath/.espressif/tools/xtensa-esp32-elf/esp-2022r1-11.2.0/xtensa-esp32-elf/bin/../lib/gcc/../../lib/gcc/xtensa-esp32-elf/11.2.0/../../../../xtensa-esp32-elf/sys-include"]
  ignore line: [ignoring duplicate directory "/Users/heath/.espressif/tools/xtensa-esp32-elf/esp-2022r1-11.2.0/xtensa-esp32-elf/bin/../lib/gcc/../../lib/gcc/xtensa-esp32-elf/11.2.0/../../../../xtensa-esp32-elf/include"]
  ignore line: [#include "..." search starts here:]
  ignore line: [#include <...> search starts here:]
  ignore line: [ /Users/heath/.espressif/tools/xtensa-esp32-elf/esp-2022r1-11.2.0/xtensa-esp32-elf/bin/../lib/gcc/xtensa-esp32-elf/11.2.0/include]
  ignore line: [ /Users/heath/.espressif/tools/xtensa-esp32-elf/esp-2022r1-11.2.0/xtensa-esp32-elf/bin/../lib/gcc/xtensa-esp32-elf/11.2.0/include-fixed]
  ignore line: [ /Users/heath/.espressif/tools/xtensa-esp32-elf/esp-2022r1-11.2.0/xtensa-esp32-elf/bin/../lib/gcc/xtensa-esp32-elf/11.2.0/../../../../xtensa-esp32-elf/sys-include]
  ignore line: [ /Users/heath/.espressif/tools/xtensa-esp32-elf/esp-2022r1-11.2.0/xtensa-esp32-elf/bin/../lib/gcc/xtensa-esp32-elf/11.2.0/../../../../xtensa-esp32-elf/include]
  ignore line: [End of search list.]
  ignore line: [GNU C17 (crosstool-NG esp-2022r1) version 11.2.0 (xtensa-esp32-elf)]
  ignore line: [	compiled by GNU C version Apple LLVM 13.0.0 (clang-1300.0.27.3)  GMP version 6.2.1  MPFR version 4.1.0  MPC version 1.2.1  isl version isl-0.24-GMP]
  ignore line: []
  ignore line: [GGC heuristics: --param ggc-min-expand=100 --param ggc-min-heapsize=131072]
  ignore line: [Compiler executable checksum: 416736c96ebb5802820cc8aed8b76115]
  ignore line: [COLLECT_GCC_OPTIONS='-fdiagnostics-color=always' '-mlongcalls' '-Wno-frame-address' '-v' '-o' 'CMakeFiles/cmTC_1e5e8.dir/CMakeCCompilerABI.c.obj' '-c' '-dumpdir' 'CMakeFiles/cmTC_1e5e8.dir/']
  ignore line: [ /Users/heath/.espressif/tools/xtensa-esp32-elf/esp-2022r1-11.2.0/xtensa-esp32-elf/bin/../lib/gcc/xtensa-esp32-elf/11.2.0/../../../../xtensa-esp32-elf/bin/as --traditional-format --longcalls -o CMakeFiles/cmTC_1e5e8.dir/CMakeCCompilerABI.c.obj /var/folders/1h/q99727pj4bs65f2df8jgq5cr0000gn/T//ccY7DAYE.s]
  ignore line: [COMPILER_PATH=/Users/heath/.espressif/tools/xtensa-esp32-elf/esp-2022r1-11.2.0/xtensa-esp32-elf/bin/../libexec/gcc/xtensa-esp32-elf/11.2.0/:/Users/heath/.espressif/tools/xtensa-esp32-elf/esp-2022r1-11.2.0/xtensa-esp32-elf/bin/../libexec/gcc/:/Users/heath/.espressif/tools/xtensa-esp32-elf/esp-2022r1-11.2.0/xtensa-esp32-elf/bin/../lib/gcc/xtensa-esp32-elf/11.2.0/../../../../xtensa-esp32-elf/bin/]
  ignore line: [LIBRARY_PATH=/Users/heath/.espressif/tools/xtensa-esp32-elf/esp-2022r1-11.2.0/xtensa-esp32-elf/bin/../lib/gcc/xtensa-esp32-elf/11.2.0/:/Users/heath/.espressif/tools/xtensa-esp32-elf/esp-2022r1-11.2.0/xtensa-esp32-elf/bin/../lib/gcc/:/Users/heath/.espressif/tools/xtensa-esp32-elf/esp-2022r1-11.2.0/xtensa-esp32-elf/bin/../lib/gcc/xtensa-esp32-elf/11.2.0/../../../../xtensa-esp32-elf/lib/]
  ignore line: [COLLECT_GCC_OPTIONS='-fdiagnostics-color=always' '-mlongcalls' '-Wno-frame-address' '-v' '-o' 'CMakeFiles/cmTC_1e5e8.dir/CMakeCCompilerABI.c.obj' '-c' '-dumpdir' 'CMakeFiles/cmTC_1e5e8.dir/CMakeCCompilerABI.c.']
  ignore line: [[2/2] Linking C executable cmTC_1e5e8]
  ignore line: [Using built-in specs.]
  ignore line: [COLLECT_GCC=/Users/heath/.espressif/tools/xtensa-esp32-elf/esp-2022r1-11.2.0/xtensa-esp32-elf/bin/xtensa-esp32-elf-gcc]
  ignore line: [COLLECT_LTO_WRAPPER=/Users/heath/.espressif/tools/xtensa-esp32-elf/esp-2022r1-11.2.0/xtensa-esp32-elf/bin/../libexec/gcc/xtensa-esp32-elf/11.2.0/lto-wrapper]
  ignore line: [Target: xtensa-esp32-elf]
  ignore line: [Configured with: /Users/brnomac003/.gitlab-runner/builds/qR2TxTby/1/idf/crosstool-NG/.build/xtensa-esp32-elf/src/gcc/configure --build=aarch64-build_apple-darwin21.4.0 --host=aarch64-build_apple-darwin21.4.0 --target=xtensa-esp32-elf --prefix=/Users/brnomac003/.gitlab-runner/builds/qR2TxTby/1/idf/crosstool-NG/builds/xtensa-esp32-elf --exec_prefix=/Users/brnomac003/.gitlab-runner/builds/qR2TxTby/1/idf/crosstool-NG/builds/xtensa-esp32-elf --with-local-prefix=/Users/brnomac003/.gitlab-runner/builds/qR2TxTby/1/idf/crosstool-NG/builds/xtensa-esp32-elf/xtensa-esp32-elf --with-headers=/Users/brnomac003/.gitlab-runner/builds/qR2TxTby/1/idf/crosstool-NG/builds/xtensa-esp32-elf/xtensa-esp32-elf/include --with-newlib --enable-threads=no --disable-shared --with-pkgversion='crosstool-NG esp-2022r1' --disable-__cxa_atexit --enable-cxx-flags=-ffunction-sections --disable-libgomp --disable-libmudflap --disable-libmpx --disable-libssp --disable-libquadmath --disable-libquadmath-support --disable-libstdcxx-verbose --with-gmp=/Users/brnomac003/.gitlab-runner/builds/qR2TxTby/1/idf/crosstool-NG/.build/xtensa-esp32-elf/buildtools --with-mpfr=/Users/brnomac003/.gitlab-runner/builds/qR2TxTby/1/idf/crosstool-NG/.build/xtensa-esp32-elf/buildtools --with-mpc=/Users/brnomac003/.gitlab-runner/builds/qR2TxTby/1/idf/crosstool-NG/.build/xtensa-esp32-elf/buildtools --with-isl=/Users/brnomac003/.gitlab-runner/builds/qR2TxTby/1/idf/crosstool-NG/.build/xtensa-esp32-elf/buildtools --enable-lto --enable-target-optspace --without-long-double-128 --disable-nls --enable-multiarch --enable-languages=c c++ --disable-libstdcxx-verbose --enable-threads=posix --enable-gcov-custom-rtio --enable-libstdcxx-time=yes]
  ignore line: [Thread model: posix]
  ignore line: [Supported LTO compression algorithms: zlib]
  ignore line: [gcc version 11.2.0 (crosstool-NG esp-2022r1) ]
  ignore line: [COMPILER_PATH=/Users/heath/.espressif/tools/xtensa-esp32-elf/esp-2022r1-11.2.0/xtensa-esp32-elf/bin/../libexec/gcc/xtensa-esp32-elf/11.2.0/:/Users/heath/.espressif/tools/xtensa-esp32-elf/esp-2022r1-11.2.0/xtensa-esp32-elf/bin/../libexec/gcc/:/Users/heath/.espressif/tools/xtensa-esp32-elf/esp-2022r1-11.2.0/xtensa-esp32-elf/bin/../lib/gcc/xtensa-esp32-elf/11.2.0/../../../../xtensa-esp32-elf/bin/]
  ignore line: [LIBRARY_PATH=/Users/heath/.espressif/tools/xtensa-esp32-elf/esp-2022r1-11.2.0/xtensa-esp32-elf/bin/../lib/gcc/xtensa-esp32-elf/11.2.0/:/Users/heath/.espressif/tools/xtensa-esp32-elf/esp-2022r1-11.2.0/xtensa-esp32-elf/bin/../lib/gcc/:/Users/heath/.espressif/tools/xtensa-esp32-elf/esp-2022r1-11.2.0/xtensa-esp32-elf/bin/../lib/gcc/xtensa-esp32-elf/11.2.0/../../../../xtensa-esp32-elf/lib/]
  ignore line: [COLLECT_GCC_OPTIONS='-mlongcalls' '-Wno-frame-address' '-v' '-o' 'cmTC_1e5e8' '-dumpdir' 'cmTC_1e5e8.']
  link line: [ /Users/heath/.espressif/tools/xtensa-esp32-elf/esp-2022r1-11.2.0/xtensa-esp32-elf/bin/../libexec/gcc/xtensa-esp32-elf/11.2.0/collect2 -plugin /Users/heath/.espressif/tools/xtensa-esp32-elf/esp-2022r1-11.2.0/xtensa-esp32-elf/bin/../libexec/gcc/xtensa-esp32-elf/11.2.0/liblto_plugin.so -plugin-opt=/Users/heath/.espressif/tools/xtensa-esp32-elf/esp-2022r1-11.2.0/xtensa-esp32-elf/bin/../libexec/gcc/xtensa-esp32-elf/11.2.0/lto-wrapper -plugin-opt=-fresolution=/var/folders/1h/q99727pj4bs65f2df8jgq5cr0000gn/T//cc9FRjsb.res -plugin-opt=-pass-through=-lgcc -plugin-opt=-pass-through=-lc -plugin-opt=-pass-through=-lnosys -plugin-opt=-pass-through=-lc -plugin-opt=-pass-through=-lgcc -o cmTC_1e5e8 /Users/heath/.espressif/tools/xtensa-esp32-elf/esp-2022r1-11.2.0/xtensa-esp32-elf/bin/../lib/gcc/xtensa-esp32-elf/11.2.0/../../../../xtensa-esp32-elf/lib/crt0.o /Users/heath/.espressif/tools/xtensa-esp32-elf/esp-2022r1-11.2.0/xtensa-esp32-elf/bin/../lib/gcc/xtensa-esp32-elf/11.2.0/crti.o /Users/heath/.espressif/tools/xtensa-esp32-elf/esp-2022r1-11.2.0/xtensa-esp32-elf/bin/../lib/gcc/xtensa-esp32-elf/11.2.0/crtbegin.o -L/Users/heath/.espressif/tools/xtensa-esp32-elf/esp-2022r1-11.2.0/xtensa-esp32-elf/bin/../lib/gcc/xtensa-esp32-elf/11.2.0 -L/Users/heath/.espressif/tools/xtensa-esp32-elf/esp-2022r1-11.2.0/xtensa-esp32-elf/bin/../lib/gcc -L/Users/heath/.espressif/tools/xtensa-esp32-elf/esp-2022r1-11.2.0/xtensa-esp32-elf/bin/../lib/gcc/xtensa-esp32-elf/11.2.0/../../../../xtensa-esp32-elf/lib CMakeFiles/cmTC_1e5e8.dir/CMakeCCompilerABI.c.obj -lgcc -lc -lnosys -lc -lgcc /Users/heath/.espressif/tools/xtensa-esp32-elf/esp-2022r1-11.2.0/xtensa-esp32-elf/bin/../lib/gcc/xtensa-esp32-elf/11.2.0/crtend.o /Users/heath/.espressif/tools/xtensa-esp32-elf/esp-2022r1-11.2.0/xtensa-esp32-elf/bin/../lib/gcc/xtensa-esp32-elf/11.2.0/crtn.o]
    arg [/Users/heath/.espressif/tools/xtensa-esp32-elf/esp-2022r1-11.2.0/xtensa-esp32-elf/bin/../libexec/gcc/xtensa-esp32-elf/11.2.0/collect2] ==> ignore
    arg [-plugin] ==> ignore
    arg [/Users/heath/.espressif/tools/xtensa-esp32-elf/esp-2022r1-11.2.0/xtensa-esp32-elf/bin/../libexec/gcc/xtensa-esp32-elf/11.2.0/liblto_plugin.so] ==> ignore
    arg [-plugin-opt=/Users/heath/.espressif/tools/xtensa-esp32-elf/esp-2022r1-11.2.0/xtensa-esp32-elf/bin/../libexec/gcc/xtensa-esp32-elf/11.2.0/lto-wrapper] ==> ignore
    arg [-plugin-opt=-fresolution=/var/folders/1h/q99727pj4bs65f2df8jgq5cr0000gn/T//cc9FRjsb.res] ==> ignore
    arg [-plugin-opt=-pass-through=-lgcc] ==> ignore
    arg [-plugin-opt=-pass-through=-lc] ==> ignore
    arg [-plugin-opt=-pass-through=-lnosys] ==> ignore
    arg [-plugin-opt=-pass-through=-lc] ==> ignore
    arg [-plugin-opt=-pass-through=-lgcc] ==> ignore
    arg [-o] ==> ignore
    arg [cmTC_1e5e8] ==> ignore
    arg [/Users/heath/.espressif/tools/xtensa-esp32-elf/esp-2022r1-11.2.0/xtensa-esp32-elf/bin/../lib/gcc/xtensa-esp32-elf/11.2.0/../../../../xtensa-esp32-elf/lib/crt0.o] ==> obj [/Users/heath/.espressif/tools/xtensa-esp32-elf/esp-2022r1-11.2.0/xtensa-esp32-elf/bin/../lib/gcc/xtensa-esp32-elf/11.2.0/../../../../xtensa-esp32-elf/lib/crt0.o]
    arg [/Users/heath/.espressif/tools/xtensa-esp32-elf/esp-2022r1-11.2.0/xtensa-esp32-elf/bin/../lib/gcc/xtensa-esp32-elf/11.2.0/crti.o] ==> obj [/Users/heath/.espressif/tools/xtensa-esp32-elf/esp-2022r1-11.2.0/xtensa-esp32-elf/bin/../lib/gcc/xtensa-esp32-elf/11.2.0/crti.o]
    arg [/Users/heath/.espressif/tools/xtensa-esp32-elf/esp-2022r1-11.2.0/xtensa-esp32-elf/bin/../lib/gcc/xtensa-esp32-elf/11.2.0/crtbegin.o] ==> obj [/Users/heath/.espressif/tools/xtensa-esp32-elf/esp-2022r1-11.2.0/xtensa-esp32-elf/bin/../lib/gcc/xtensa-esp32-elf/11.2.0/crtbegin.o]
    arg [-L/Users/heath/.espressif/tools/xtensa-esp32-elf/esp-2022r1-11.2.0/xtensa-esp32-elf/bin/../lib/gcc/xtensa-esp32-elf/11.2.0] ==> dir [/Users/heath/.espressif/tools/xtensa-esp32-elf/esp-2022r1-11.2.0/xtensa-esp32-elf/bin/../lib/gcc/xtensa-esp32-elf/11.2.0]
    arg [-L/Users/heath/.espressif/tools/xtensa-esp32-elf/esp-2022r1-11.2.0/xtensa-esp32-elf/bin/../lib/gcc] ==> dir [/Users/heath/.espressif/tools/xtensa-esp32-elf/esp-2022r1-11.2.0/xtensa-esp32-elf/bin/../lib/gcc]
    arg [-L/Users/heath/.espressif/tools/xtensa-esp32-elf/esp-2022r1-11.2.0/xtensa-esp32-elf/bin/../lib/gcc/xtensa-esp32-elf/11.2.0/../../../../xtensa-esp32-elf/lib] ==> dir [/Users/heath/.espressif/tools/xtensa-esp32-elf/esp-2022r1-11.2.0/xtensa-esp32-elf/bin/../lib/gcc/xtensa-esp32-elf/11.2.0/../../../../xtensa-esp32-elf/lib]
    arg [CMakeFiles/cmTC_1e5e8.dir/CMakeCCompilerABI.c.obj] ==> ignore
    arg [-lgcc] ==> lib [gcc]
    arg [-lc] ==> lib [c]
    arg [-lnosys] ==> lib [nosys]
    arg [-lc] ==> lib [c]
    arg [-lgcc] ==> lib [gcc]
    arg [/Users/heath/.espressif/tools/xtensa-esp32-elf/esp-2022r1-11.2.0/xtensa-esp32-elf/bin/../lib/gcc/xtensa-esp32-elf/11.2.0/crtend.o] ==> obj [/Users/heath/.espressif/tools/xtensa-esp32-elf/esp-2022r1-11.2.0/xtensa-esp32-elf/bin/../lib/gcc/xtensa-esp32-elf/11.2.0/crtend.o]
    arg [/Users/heath/.espressif/tools/xtensa-esp32-elf/esp-2022r1-11.2.0/xtensa-esp32-elf/bin/../lib/gcc/xtensa-esp32-elf/11.2.0/crtn.o] ==> obj [/Users/heath/.espressif/tools/xtensa-esp32-elf/esp-2022r1-11.2.0/xtensa-esp32-elf/bin/../lib/gcc/xtensa-esp32-elf/11.2.0/crtn.o]
  collapse obj [/Users/heath/.espressif/tools/xtensa-esp32-elf/esp-2022r1-11.2.0/xtensa-esp32-elf/bin/../lib/gcc/xtensa-esp32-elf/11.2.0/../../../../xtensa-esp32-elf/lib/crt0.o] ==> [/Users/heath/.espressif/tools/xtensa-esp32-elf/esp-2022r1-11.2.0/xtensa-esp32-elf/xtensa-esp32-elf/lib/crt0.o]
  collapse obj [/Users/heath/.espressif/tools/xtensa-esp32-elf/esp-2022r1-11.2.0/xtensa-esp32-elf/bin/../lib/gcc/xtensa-esp32-elf/11.2.0/crti.o] ==> [/Users/heath/.espressif/tools/xtensa-esp32-elf/esp-2022r1-11.2.0/xtensa-esp32-elf/lib/gcc/xtensa-esp32-elf/11.2.0/crti.o]
  collapse obj [/Users/heath/.espressif/tools/xtensa-esp32-elf/esp-2022r1-11.2.0/xtensa-esp32-elf/bin/../lib/gcc/xtensa-esp32-elf/11.2.0/crtbegin.o] ==> [/Users/heath/.espressif/tools/xtensa-esp32-elf/esp-2022r1-11.2.0/xtensa-esp32-elf/lib/gcc/xtensa-esp32-elf/11.2.0/crtbegin.o]
  collapse obj [/Users/heath/.espressif/tools/xtensa-esp32-elf/esp-2022r1-11.2.0/xtensa-esp32-elf/bin/../lib/gcc/xtensa-esp32-elf/11.2.0/crtend.o] ==> [/Users/heath/.espressif/tools/xtensa-esp32-elf/esp-2022r1-11.2.0/xtensa-esp32-elf/lib/gcc/xtensa-esp32-elf/11.2.0/crtend.o]
  collapse obj [/Users/heath/.espressif/tools/xtensa-esp32-elf/esp-2022r1-11.2.0/xtensa-esp32-elf/bin/../lib/gcc/xtensa-esp32-elf/11.2.0/crtn.o] ==> [/Users/heath/.espressif/tools/xtensa-esp32-elf/esp-2022r1-11.2.0/xtensa-esp32-elf/lib/gcc/xtensa-esp32-elf/11.2.0/crtn.o]
  collapse library dir [/Users/heath/.espressif/tools/xtensa-esp32-elf/esp-2022r1-11.2.0/xtensa-esp32-elf/bin/../lib/gcc/xtensa-esp32-elf/11.2.0] ==> [/Users/heath/.espressif/tools/xtensa-esp32-elf/esp-2022r1-11.2.0/xtensa-esp32-elf/lib/gcc/xtensa-esp32-elf/11.2.0]
  collapse library dir [/Users/heath/.espressif/tools/xtensa-esp32-elf/esp-2022r1-11.2.0/xtensa-esp32-elf/bin/../lib/gcc] ==> [/Users/heath/.espressif/tools/xtensa-esp32-elf/esp-2022r1-11.2.0/xtensa-esp32-elf/lib/gcc]
  collapse library dir [/Users/heath/.espressif/tools/xtensa-esp32-elf/esp-2022r1-11.2.0/xtensa-esp32-elf/bin/../lib/gcc/xtensa-esp32-elf/11.2.0/../../../../xtensa-esp32-elf/lib] ==> [/Users/heath/.espressif/tools/xtensa-esp32-elf/esp-2022r1-11.2.0/xtensa-esp32-elf/xtensa-esp32-elf/lib]
  implicit libs: [gcc;c;nosys;c;gcc]
  implicit objs: [/Users/heath/.espressif/tools/xtensa-esp32-elf/esp-2022r1-11.2.0/xtensa-esp32-elf/xtensa-esp32-elf/lib/crt0.o;/Users/heath/.espressif/tools/xtensa-esp32-elf/esp-2022r1-11.2.0/xtensa-esp32-elf/lib/gcc/xtensa-esp32-elf/11.2.0/crti.o;/Users/heath/.espressif/tools/xtensa-esp32-elf/esp-2022r1-11.2.0/xtensa-esp32-elf/lib/gcc/xtensa-esp32-elf/11.2.0/crtbegin.o;/Users/heath/.espressif/tools/xtensa-esp32-elf/esp-2022r1-11.2.0/xtensa-esp32-elf/lib/gcc/xtensa-esp32-elf/11.2.0/crtend.o;/Users/heath/.espressif/tools/xtensa-esp32-elf/esp-2022r1-11.2.0/xtensa-esp32-elf/lib/gcc/xtensa-esp32-elf/11.2.0/crtn.o]
  implicit dirs: [/Users/heath/.espressif/tools/xtensa-esp32-elf/esp-2022r1-11.2.0/xtensa-esp32-elf/lib/gcc/xtensa-esp32-elf/11.2.0;/Users/heath/.espressif/tools/xtensa-esp32-elf/esp-2022r1-11.2.0/xtensa-esp32-elf/lib/gcc;/Users/heath/.espressif/tools/xtensa-esp32-elf/esp-2022r1-11.2.0/xtensa-esp32-elf/xtensa-esp32-elf/lib]
  implicit fwks: []


Detecting CXX compiler ABI info compiled with the following output:
Change Dir: /Users/heath/Library/CloudStorage/OneDrive-Function0/40-Software/02-Development/test4/cmake-build-debug/CMakeFiles/CMakeTmp

Run Build Command(s):/Users/heath/Library/Application Support/JetBrains/Toolbox/apps/CLion/ch-0/223.8214.51/CLion.app/Contents/bin/ninja/mac/ninja cmTC_5c3bb && [1/2] Building CXX object CMakeFiles/cmTC_5c3bb.dir/CMakeCXXCompilerABI.cpp.obj
Using built-in specs.
COLLECT_GCC=/Users/heath/.espressif/tools/xtensa-esp32-elf/esp-2022r1-11.2.0/xtensa-esp32-elf/bin/xtensa-esp32-elf-g++
Target: xtensa-esp32-elf
Configured with: /Users/brnomac003/.gitlab-runner/builds/qR2TxTby/1/idf/crosstool-NG/.build/xtensa-esp32-elf/src/gcc/configure --build=aarch64-build_apple-darwin21.4.0 --host=aarch64-build_apple-darwin21.4.0 --target=xtensa-esp32-elf --prefix=/Users/brnomac003/.gitlab-runner/builds/qR2TxTby/1/idf/crosstool-NG/builds/xtensa-esp32-elf --exec_prefix=/Users/brnomac003/.gitlab-runner/builds/qR2TxTby/1/idf/crosstool-NG/builds/xtensa-esp32-elf --with-local-prefix=/Users/brnomac003/.gitlab-runner/builds/qR2TxTby/1/idf/crosstool-NG/builds/xtensa-esp32-elf/xtensa-esp32-elf --with-headers=/Users/brnomac003/.gitlab-runner/builds/qR2TxTby/1/idf/crosstool-NG/builds/xtensa-esp32-elf/xtensa-esp32-elf/include --with-newlib --enable-threads=no --disable-shared --with-pkgversion='crosstool-NG esp-2022r1' --disable-__cxa_atexit --enable-cxx-flags=-ffunction-sections --disable-libgomp --disable-libmudflap --disable-libmpx --disable-libssp --disable-libquadmath --disable-libquadmath-support --disable-libstdcxx-verbose --with-gmp=/Users/brnomac003/.gitlab-runner/builds/qR2TxTby/1/idf/crosstool-NG/.build/xtensa-esp32-elf/buildtools --with-mpfr=/Users/brnomac003/.gitlab-runner/builds/qR2TxTby/1/idf/crosstool-NG/.build/xtensa-esp32-elf/buildtools --with-mpc=/Users/brnomac003/.gitlab-runner/builds/qR2TxTby/1/idf/crosstool-NG/.build/xtensa-esp32-elf/buildtools --with-isl=/Users/brnomac003/.gitlab-runner/builds/qR2TxTby/1/idf/crosstool-NG/.build/xtensa-esp32-elf/buildtools --enable-lto --enable-target-optspace --without-long-double-128 --disable-nls --enable-multiarch --enable-languages=c,c++ --disable-libstdcxx-verbose --enable-threads=posix --enable-gcov-custom-rtio --enable-libstdcxx-time=yes
Thread model: posix
Supported LTO compression algorithms: zlib
gcc version 11.2.0 (crosstool-NG esp-2022r1) 
COLLECT_GCC_OPTIONS='-fdiagnostics-color=always' '-mlongcalls' '-Wno-frame-address' '-v' '-o' 'CMakeFiles/cmTC_5c3bb.dir/CMakeCXXCompilerABI.cpp.obj' '-c' '-dumpdir' 'CMakeFiles/cmTC_5c3bb.dir/'
 /Users/heath/.espressif/tools/xtensa-esp32-elf/esp-2022r1-11.2.0/xtensa-esp32-elf/bin/../libexec/gcc/xtensa-esp32-elf/11.2.0/cc1plus -quiet -v -iprefix /Users/heath/.espressif/tools/xtensa-esp32-elf/esp-2022r1-11.2.0/xtensa-esp32-elf/bin/../lib/gcc/xtensa-esp32-elf/11.2.0/ /Users/heath/Library/Application Support/JetBrains/Toolbox/apps/CLion/ch-0/223.8214.51/CLion.app/Contents/bin/cmake/mac/share/cmake-3.24/Modules/CMakeCXXCompilerABI.cpp -quiet -dumpdir CMakeFiles/cmTC_5c3bb.dir/ -dumpbase CMakeCXXCompilerABI.cpp.cpp -dumpbase-ext .cpp -mlongcalls -Wno-frame-address -version -fdiagnostics-color=always -o /var/folders/1h/q99727pj4bs65f2df8jgq5cr0000gn/T//ccNvEx46.s
GNU C++17 (crosstool-NG esp-2022r1) version 11.2.0 (xtensa-esp32-elf)
	compiled by GNU C version Apple LLVM 13.0.0 (clang-1300.0.27.3), GMP version 6.2.1, MPFR version 4.1.0, MPC version 1.2.1, isl version isl-0.24-GMP

GGC heuristics: --param ggc-min-expand=100 --param ggc-min-heapsize=131072
ignoring duplicate directory "/Users/heath/.espressif/tools/xtensa-esp32-elf/esp-2022r1-11.2.0/xtensa-esp32-elf/bin/../lib/gcc/../../lib/gcc/xtensa-esp32-elf/11.2.0/../../../../xtensa-esp32-elf/include/c++/11.2.0"
ignoring duplicate directory "/Users/heath/.espressif/tools/xtensa-esp32-elf/esp-2022r1-11.2.0/xtensa-esp32-elf/bin/../lib/gcc/../../lib/gcc/xtensa-esp32-elf/11.2.0/../../../../xtensa-esp32-elf/include/c++/11.2.0/xtensa-esp32-elf"
ignoring duplicate directory "/Users/heath/.espressif/tools/xtensa-esp32-elf/esp-2022r1-11.2.0/xtensa-esp32-elf/bin/../lib/gcc/../../lib/gcc/xtensa-esp32-elf/11.2.0/../../../../xtensa-esp32-elf/include/c++/11.2.0/backward"
ignoring duplicate directory "/Users/heath/.espressif/tools/xtensa-esp32-elf/esp-2022r1-11.2.0/xtensa-esp32-elf/bin/../lib/gcc/../../lib/gcc/xtensa-esp32-elf/11.2.0/include"
ignoring duplicate directory "/Users/heath/.espressif/tools/xtensa-esp32-elf/esp-2022r1-11.2.0/xtensa-esp32-elf/bin/../lib/gcc/../../lib/gcc/xtensa-esp32-elf/11.2.0/include-fixed"
ignoring duplicate directory "/Users/heath/.espressif/tools/xtensa-esp32-elf/esp-2022r1-11.2.0/xtensa-esp32-elf/bin/../lib/gcc/../../lib/gcc/xtensa-esp32-elf/11.2.0/../../../../xtensa-esp32-elf/sys-include"
ignoring duplicate directory "/Users/heath/.espressif/tools/xtensa-esp32-elf/esp-2022r1-11.2.0/xtensa-esp32-elf/bin/../lib/gcc/../../lib/gcc/xtensa-esp32-elf/11.2.0/../../../../xtensa-esp32-elf/include"
#include "..." search starts here:
#include <...> search starts here:
 /Users/heath/.espressif/tools/xtensa-esp32-elf/esp-2022r1-11.2.0/xtensa-esp32-elf/bin/../lib/gcc/xtensa-esp32-elf/11.2.0/../../../../xtensa-esp32-elf/include/c++/11.2.0
 /Users/heath/.espressif/tools/xtensa-esp32-elf/esp-2022r1-11.2.0/xtensa-esp32-elf/bin/../lib/gcc/xtensa-esp32-elf/11.2.0/../../../../xtensa-esp32-elf/include/c++/11.2.0/xtensa-esp32-elf
 /Users/heath/.espressif/tools/xtensa-esp32-elf/esp-2022r1-11.2.0/xtensa-esp32-elf/bin/../lib/gcc/xtensa-esp32-elf/11.2.0/../../../../xtensa-esp32-elf/include/c++/11.2.0/backward
 /Users/heath/.espressif/tools/xtensa-esp32-elf/esp-2022r1-11.2.0/xtensa-esp32-elf/bin/../lib/gcc/xtensa-esp32-elf/11.2.0/include
 /Users/heath/.espressif/tools/xtensa-esp32-elf/esp-2022r1-11.2.0/xtensa-esp32-elf/bin/../lib/gcc/xtensa-esp32-elf/11.2.0/include-fixed
 /Users/heath/.espressif/tools/xtensa-esp32-elf/esp-2022r1-11.2.0/xtensa-esp32-elf/bin/../lib/gcc/xtensa-esp32-elf/11.2.0/../../../../xtensa-esp32-elf/sys-include
 /Users/heath/.espressif/tools/xtensa-esp32-elf/esp-2022r1-11.2.0/xtensa-esp32-elf/bin/../lib/gcc/xtensa-esp32-elf/11.2.0/../../../../xtensa-esp32-elf/include
End of search list.
GNU C++17 (crosstool-NG esp-2022r1) version 11.2.0 (xtensa-esp32-elf)
	compiled by GNU C version Apple LLVM 13.0.0 (clang-1300.0.27.3), GMP version 6.2.1, MPFR version 4.1.0, MPC version 1.2.1, isl version isl-0.24-GMP

GGC heuristics: --param ggc-min-expand=100 --param ggc-min-heapsize=131072
Compiler executable checksum: 0ec0fa8f8350edface28efb76f87877e
COLLECT_GCC_OPTIONS='-fdiagnostics-color=always' '-mlongcalls' '-Wno-frame-address' '-v' '-o' 'CMakeFiles/cmTC_5c3bb.dir/CMakeCXXCompilerABI.cpp.obj' '-c' '-dumpdir' 'CMakeFiles/cmTC_5c3bb.dir/'
 /Users/heath/.espressif/tools/xtensa-esp32-elf/esp-2022r1-11.2.0/xtensa-esp32-elf/bin/../lib/gcc/xtensa-esp32-elf/11.2.0/../../../../xtensa-esp32-elf/bin/as --traditional-format --longcalls -o CMakeFiles/cmTC_5c3bb.dir/CMakeCXXCompilerABI.cpp.obj /var/folders/1h/q99727pj4bs65f2df8jgq5cr0000gn/T//ccNvEx46.s
COMPILER_PATH=/Users/heath/.espressif/tools/xtensa-esp32-elf/esp-2022r1-11.2.0/xtensa-esp32-elf/bin/../libexec/gcc/xtensa-esp32-elf/11.2.0/:/Users/heath/.espressif/tools/xtensa-esp32-elf/esp-2022r1-11.2.0/xtensa-esp32-elf/bin/../libexec/gcc/:/Users/heath/.espressif/tools/xtensa-esp32-elf/esp-2022r1-11.2.0/xtensa-esp32-elf/bin/../lib/gcc/xtensa-esp32-elf/11.2.0/../../../../xtensa-esp32-elf/bin/
LIBRARY_PATH=/Users/heath/.espressif/tools/xtensa-esp32-elf/esp-2022r1-11.2.0/xtensa-esp32-elf/bin/../lib/gcc/xtensa-esp32-elf/11.2.0/:/Users/heath/.espressif/tools/xtensa-esp32-elf/esp-2022r1-11.2.0/xtensa-esp32-elf/bin/../lib/gcc/:/Users/heath/.espressif/tools/xtensa-esp32-elf/esp-2022r1-11.2.0/xtensa-esp32-elf/bin/../lib/gcc/xtensa-esp32-elf/11.2.0/../../../../xtensa-esp32-elf/lib/
COLLECT_GCC_OPTIONS='-fdiagnostics-color=always' '-mlongcalls' '-Wno-frame-address' '-v' '-o' 'CMakeFiles/cmTC_5c3bb.dir/CMakeCXXCompilerABI.cpp.obj' '-c' '-dumpdir' 'CMakeFiles/cmTC_5c3bb.dir/CMakeCXXCompilerABI.cpp.'
[2/2] Linking CXX executable cmTC_5c3bb
Using built-in specs.
COLLECT_GCC=/Users/heath/.espressif/tools/xtensa-esp32-elf/esp-2022r1-11.2.0/xtensa-esp32-elf/bin/xtensa-esp32-elf-g++
COLLECT_LTO_WRAPPER=/Users/heath/.espressif/tools/xtensa-esp32-elf/esp-2022r1-11.2.0/xtensa-esp32-elf/bin/../libexec/gcc/xtensa-esp32-elf/11.2.0/lto-wrapper
Target: xtensa-esp32-elf
Configured with: /Users/brnomac003/.gitlab-runner/builds/qR2TxTby/1/idf/crosstool-NG/.build/xtensa-esp32-elf/src/gcc/configure --build=aarch64-build_apple-darwin21.4.0 --host=aarch64-build_apple-darwin21.4.0 --target=xtensa-esp32-elf --prefix=/Users/brnomac003/.gitlab-runner/builds/qR2TxTby/1/idf/crosstool-NG/builds/xtensa-esp32-elf --exec_prefix=/Users/brnomac003/.gitlab-runner/builds/qR2TxTby/1/idf/crosstool-NG/builds/xtensa-esp32-elf --with-local-prefix=/Users/brnomac003/.gitlab-runner/builds/qR2TxTby/1/idf/crosstool-NG/builds/xtensa-esp32-elf/xtensa-esp32-elf --with-headers=/Users/brnomac003/.gitlab-runner/builds/qR2TxTby/1/idf/crosstool-NG/builds/xtensa-esp32-elf/xtensa-esp32-elf/include --with-newlib --enable-threads=no --disable-shared --with-pkgversion='crosstool-NG esp-2022r1' --disable-__cxa_atexit --enable-cxx-flags=-ffunction-sections --disable-libgomp --disable-libmudflap --disable-libmpx --disable-libssp --disable-libquadmath --disable-libquadmath-support --disable-libstdcxx-verbose --with-gmp=/Users/brnomac003/.gitlab-runner/builds/qR2TxTby/1/idf/crosstool-NG/.build/xtensa-esp32-elf/buildtools --with-mpfr=/Users/brnomac003/.gitlab-runner/builds/qR2TxTby/1/idf/crosstool-NG/.build/xtensa-esp32-elf/buildtools --with-mpc=/Users/brnomac003/.gitlab-runner/builds/qR2TxTby/1/idf/crosstool-NG/.build/xtensa-esp32-elf/buildtools --with-isl=/Users/brnomac003/.gitlab-runner/builds/qR2TxTby/1/idf/crosstool-NG/.build/xtensa-esp32-elf/buildtools --enable-lto --enable-target-optspace --without-long-double-128 --disable-nls --enable-multiarch --enable-languages=c,c++ --disable-libstdcxx-verbose --enable-threads=posix --enable-gcov-custom-rtio --enable-libstdcxx-time=yes
Thread model: posix
Supported LTO compression algorithms: zlib
gcc version 11.2.0 (crosstool-NG esp-2022r1) 
COMPILER_PATH=/Users/heath/.espressif/tools/xtensa-esp32-elf/esp-2022r1-11.2.0/xtensa-esp32-elf/bin/../libexec/gcc/xtensa-esp32-elf/11.2.0/:/Users/heath/.espressif/tools/xtensa-esp32-elf/esp-2022r1-11.2.0/xtensa-esp32-elf/bin/../libexec/gcc/:/Users/heath/.espressif/tools/xtensa-esp32-elf/esp-2022r1-11.2.0/xtensa-esp32-elf/bin/../lib/gcc/xtensa-esp32-elf/11.2.0/../../../../xtensa-esp32-elf/bin/
LIBRARY_PATH=/Users/heath/.espressif/tools/xtensa-esp32-elf/esp-2022r1-11.2.0/xtensa-esp32-elf/bin/../lib/gcc/xtensa-esp32-elf/11.2.0/:/Users/heath/.espressif/tools/xtensa-esp32-elf/esp-2022r1-11.2.0/xtensa-esp32-elf/bin/../lib/gcc/:/Users/heath/.espressif/tools/xtensa-esp32-elf/esp-2022r1-11.2.0/xtensa-esp32-elf/bin/../lib/gcc/xtensa-esp32-elf/11.2.0/../../../../xtensa-esp32-elf/lib/
COLLECT_GCC_OPTIONS='-mlongcalls' '-Wno-frame-address' '-v' '-o' 'cmTC_5c3bb' '-dumpdir' 'cmTC_5c3bb.'
 /Users/heath/.espressif/tools/xtensa-esp32-elf/esp-2022r1-11.2.0/xtensa-esp32-elf/bin/../libexec/gcc/xtensa-esp32-elf/11.2.0/collect2 -plugin /Users/heath/.espressif/tools/xtensa-esp32-elf/esp-2022r1-11.2.0/xtensa-esp32-elf/bin/../libexec/gcc/xtensa-esp32-elf/11.2.0/liblto_plugin.so -plugin-opt=/Users/heath/.espressif/tools/xtensa-esp32-elf/esp-2022r1-11.2.0/xtensa-esp32-elf/bin/../libexec/gcc/xtensa-esp32-elf/11.2.0/lto-wrapper -plugin-opt=-fresolution=/var/folders/1h/q99727pj4bs65f2df8jgq5cr0000gn/T//ccfVLkFn.res -plugin-opt=-pass-through=-lgcc -plugin-opt=-pass-through=-lc -plugin-opt=-pass-through=-lnosys -plugin-opt=-pass-through=-lc -plugin-opt=-pass-through=-lgcc -o cmTC_5c3bb /Users/heath/.espressif/tools/xtensa-esp32-elf/esp-2022r1-11.2.0/xtensa-esp32-elf/bin/../lib/gcc/xtensa-esp32-elf/11.2.0/../../../../xtensa-esp32-elf/lib/crt0.o /Users/heath/.espressif/tools/xtensa-esp32-elf/esp-2022r1-11.2.0/xtensa-esp32-elf/bin/../lib/gcc/xtensa-esp32-elf/11.2.0/crti.o /Users/heath/.espressif/tools/xtensa-esp32-elf/esp-2022r1-11.2.0/xtensa-esp32-elf/bin/../lib/gcc/xtensa-esp32-elf/11.2.0/crtbegin.o -L/Users/heath/.espressif/tools/xtensa-esp32-elf/esp-2022r1-11.2.0/xtensa-esp32-elf/bin/../lib/gcc/xtensa-esp32-elf/11.2.0 -L/Users/heath/.espressif/tools/xtensa-esp32-elf/esp-2022r1-11.2.0/xtensa-esp32-elf/bin/../lib/gcc -L/Users/heath/.espressif/tools/xtensa-esp32-elf/esp-2022r1-11.2.0/xtensa-esp32-elf/bin/../lib/gcc/xtensa-esp32-elf/11.2.0/../../../../xtensa-esp32-elf/lib CMakeFiles/cmTC_5c3bb.dir/CMakeCXXCompilerABI.cpp.obj -lstdc++ -lm -lgcc -lc -lnosys -lc -lgcc /Users/heath/.espressif/tools/xtensa-esp32-elf/esp-2022r1-11.2.0/xtensa-esp32-elf/bin/../lib/gcc/xtensa-esp32-elf/11.2.0/crtend.o /Users/heath/.espressif/tools/xtensa-esp32-elf/esp-2022r1-11.2.0/xtensa-esp32-elf/bin/../lib/gcc/xtensa-esp32-elf/11.2.0/crtn.o
COLLECT_GCC_OPTIONS='-mlongcalls' '-Wno-frame-address' '-v' '-o' 'cmTC_5c3bb' '-dumpdir' 'cmTC_5c3bb.'



Parsed CXX implicit include dir info from above output: rv=done
  found start of include info
  found start of implicit include info
    add: [/Users/heath/.espressif/tools/xtensa-esp32-elf/esp-2022r1-11.2.0/xtensa-esp32-elf/bin/../lib/gcc/xtensa-esp32-elf/11.2.0/../../../../xtensa-esp32-elf/include/c++/11.2.0]
    add: [/Users/heath/.espressif/tools/xtensa-esp32-elf/esp-2022r1-11.2.0/xtensa-esp32-elf/bin/../lib/gcc/xtensa-esp32-elf/11.2.0/../../../../xtensa-esp32-elf/include/c++/11.2.0/xtensa-esp32-elf]
    add: [/Users/heath/.espressif/tools/xtensa-esp32-elf/esp-2022r1-11.2.0/xtensa-esp32-elf/bin/../lib/gcc/xtensa-esp32-elf/11.2.0/../../../../xtensa-esp32-elf/include/c++/11.2.0/backward]
    add: [/Users/heath/.espressif/tools/xtensa-esp32-elf/esp-2022r1-11.2.0/xtensa-esp32-elf/bin/../lib/gcc/xtensa-esp32-elf/11.2.0/include]
    add: [/Users/heath/.espressif/tools/xtensa-esp32-elf/esp-2022r1-11.2.0/xtensa-esp32-elf/bin/../lib/gcc/xtensa-esp32-elf/11.2.0/include-fixed]
    add: [/Users/heath/.espressif/tools/xtensa-esp32-elf/esp-2022r1-11.2.0/xtensa-esp32-elf/bin/../lib/gcc/xtensa-esp32-elf/11.2.0/../../../../xtensa-esp32-elf/sys-include]
    add: [/Users/heath/.espressif/tools/xtensa-esp32-elf/esp-2022r1-11.2.0/xtensa-esp32-elf/bin/../lib/gcc/xtensa-esp32-elf/11.2.0/../../../../xtensa-esp32-elf/include]
  end of search list found
  collapse include dir [/Users/heath/.espressif/tools/xtensa-esp32-elf/esp-2022r1-11.2.0/xtensa-esp32-elf/bin/../lib/gcc/xtensa-esp32-elf/11.2.0/../../../../xtensa-esp32-elf/include/c++/11.2.0] ==> [/Users/heath/.espressif/tools/xtensa-esp32-elf/esp-2022r1-11.2.0/xtensa-esp32-elf/xtensa-esp32-elf/include/c++/11.2.0]
  collapse include dir [/Users/heath/.espressif/tools/xtensa-esp32-elf/esp-2022r1-11.2.0/xtensa-esp32-elf/bin/../lib/gcc/xtensa-esp32-elf/11.2.0/../../../../xtensa-esp32-elf/include/c++/11.2.0/xtensa-esp32-elf] ==> [/Users/heath/.espressif/tools/xtensa-esp32-elf/esp-2022r1-11.2.0/xtensa-esp32-elf/xtensa-esp32-elf/include/c++/11.2.0/xtensa-esp32-elf]
  collapse include dir [/Users/heath/.espressif/tools/xtensa-esp32-elf/esp-2022r1-11.2.0/xtensa-esp32-elf/bin/../lib/gcc/xtensa-esp32-elf/11.2.0/../../../../xtensa-esp32-elf/include/c++/11.2.0/backward] ==> [/Users/heath/.espressif/tools/xtensa-esp32-elf/esp-2022r1-11.2.0/xtensa-esp32-elf/xtensa-esp32-elf/include/c++/11.2.0/backward]
  collapse include dir [/Users/heath/.espressif/tools/xtensa-esp32-elf/esp-2022r1-11.2.0/xtensa-esp32-elf/bin/../lib/gcc/xtensa-esp32-elf/11.2.0/include] ==> [/Users/heath/.espressif/tools/xtensa-esp32-elf/esp-2022r1-11.2.0/xtensa-esp32-elf/lib/gcc/xtensa-esp32-elf/11.2.0/include]
  collapse include dir [/Users/heath/.espressif/tools/xtensa-esp32-elf/esp-2022r1-11.2.0/xtensa-esp32-elf/bin/../lib/gcc/xtensa-esp32-elf/11.2.0/include-fixed] ==> [/Users/heath/.espressif/tools/xtensa-esp32-elf/esp-2022r1-11.2.0/xtensa-esp32-elf/lib/gcc/xtensa-esp32-elf/11.2.0/include-fixed]
  collapse include dir [/Users/heath/.espressif/tools/xtensa-esp32-elf/esp-2022r1-11.2.0/xtensa-esp32-elf/bin/../lib/gcc/xtensa-esp32-elf/11.2.0/../../../../xtensa-esp32-elf/sys-include] ==> [/Users/heath/.espressif/tools/xtensa-esp32-elf/esp-2022r1-11.2.0/xtensa-esp32-elf/xtensa-esp32-elf/sys-include]
  collapse include dir [/Users/heath/.espressif/tools/xtensa-esp32-elf/esp-2022r1-11.2.0/xtensa-esp32-elf/bin/../lib/gcc/xtensa-esp32-elf/11.2.0/../../../../xtensa-esp32-elf/include] ==> [/Users/heath/.espressif/tools/xtensa-esp32-elf/esp-2022r1-11.2.0/xtensa-esp32-elf/xtensa-esp32-elf/include]
  implicit include dirs: [/Users/heath/.espressif/tools/xtensa-esp32-elf/esp-2022r1-11.2.0/xtensa-esp32-elf/xtensa-esp32-elf/include/c++/11.2.0;/Users/heath/.espressif/tools/xtensa-esp32-elf/esp-2022r1-11.2.0/xtensa-esp32-elf/xtensa-esp32-elf/include/c++/11.2.0/xtensa-esp32-elf;/Users/heath/.espressif/tools/xtensa-esp32-elf/esp-2022r1-11.2.0/xtensa-esp32-elf/xtensa-esp32-elf/include/c++/11.2.0/backward;/Users/heath/.espressif/tools/xtensa-esp32-elf/esp-2022r1-11.2.0/xtensa-esp32-elf/lib/gcc/xtensa-esp32-elf/11.2.0/include;/Users/heath/.espressif/tools/xtensa-esp32-elf/esp-2022r1-11.2.0/xtensa-esp32-elf/lib/gcc/xtensa-esp32-elf/11.2.0/include-fixed;/Users/heath/.espressif/tools/xtensa-esp32-elf/esp-2022r1-11.2.0/xtensa-esp32-elf/xtensa-esp32-elf/sys-include;/Users/heath/.espressif/tools/xtensa-esp32-elf/esp-2022r1-11.2.0/xtensa-esp32-elf/xtensa-esp32-elf/include]


Parsed CXX implicit link information from above output:
  link line regex: [^( *|.*[/\])(ld|CMAKE_LINK_STARTFILE-NOTFOUND|([^/\]+-)?ld|collect2)[^/\]*( |$)]
  ignore line: [Change Dir: /Users/heath/Library/CloudStorage/OneDrive-Function0/40-Software/02-Development/test4/cmake-build-debug/CMakeFiles/CMakeTmp]
  ignore line: []
  ignore line: [Run Build Command(s):/Users/heath/Library/Application Support/JetBrains/Toolbox/apps/CLion/ch-0/223.8214.51/CLion.app/Contents/bin/ninja/mac/ninja cmTC_5c3bb && [1/2] Building CXX object CMakeFiles/cmTC_5c3bb.dir/CMakeCXXCompilerABI.cpp.obj]
  ignore line: [Using built-in specs.]
  ignore line: [COLLECT_GCC=/Users/heath/.espressif/tools/xtensa-esp32-elf/esp-2022r1-11.2.0/xtensa-esp32-elf/bin/xtensa-esp32-elf-g++]
  ignore line: [Target: xtensa-esp32-elf]
  ignore line: [Configured with: /Users/brnomac003/.gitlab-runner/builds/qR2TxTby/1/idf/crosstool-NG/.build/xtensa-esp32-elf/src/gcc/configure --build=aarch64-build_apple-darwin21.4.0 --host=aarch64-build_apple-darwin21.4.0 --target=xtensa-esp32-elf --prefix=/Users/brnomac003/.gitlab-runner/builds/qR2TxTby/1/idf/crosstool-NG/builds/xtensa-esp32-elf --exec_prefix=/Users/brnomac003/.gitlab-runner/builds/qR2TxTby/1/idf/crosstool-NG/builds/xtensa-esp32-elf --with-local-prefix=/Users/brnomac003/.gitlab-runner/builds/qR2TxTby/1/idf/crosstool-NG/builds/xtensa-esp32-elf/xtensa-esp32-elf --with-headers=/Users/brnomac003/.gitlab-runner/builds/qR2TxTby/1/idf/crosstool-NG/builds/xtensa-esp32-elf/xtensa-esp32-elf/include --with-newlib --enable-threads=no --disable-shared --with-pkgversion='crosstool-NG esp-2022r1' --disable-__cxa_atexit --enable-cxx-flags=-ffunction-sections --disable-libgomp --disable-libmudflap --disable-libmpx --disable-libssp --disable-libquadmath --disable-libquadmath-support --disable-libstdcxx-verbose --with-gmp=/Users/brnomac003/.gitlab-runner/builds/qR2TxTby/1/idf/crosstool-NG/.build/xtensa-esp32-elf/buildtools --with-mpfr=/Users/brnomac003/.gitlab-runner/builds/qR2TxTby/1/idf/crosstool-NG/.build/xtensa-esp32-elf/buildtools --with-mpc=/Users/brnomac003/.gitlab-runner/builds/qR2TxTby/1/idf/crosstool-NG/.build/xtensa-esp32-elf/buildtools --with-isl=/Users/brnomac003/.gitlab-runner/builds/qR2TxTby/1/idf/crosstool-NG/.build/xtensa-esp32-elf/buildtools --enable-lto --enable-target-optspace --without-long-double-128 --disable-nls --enable-multiarch --enable-languages=c c++ --disable-libstdcxx-verbose --enable-threads=posix --enable-gcov-custom-rtio --enable-libstdcxx-time=yes]
  ignore line: [Thread model: posix]
  ignore line: [Supported LTO compression algorithms: zlib]
  ignore line: [gcc version 11.2.0 (crosstool-NG esp-2022r1) ]
  ignore line: [COLLECT_GCC_OPTIONS='-fdiagnostics-color=always' '-mlongcalls' '-Wno-frame-address' '-v' '-o' 'CMakeFiles/cmTC_5c3bb.dir/CMakeCXXCompilerABI.cpp.obj' '-c' '-dumpdir' 'CMakeFiles/cmTC_5c3bb.dir/']
  ignore line: [ /Users/heath/.espressif/tools/xtensa-esp32-elf/esp-2022r1-11.2.0/xtensa-esp32-elf/bin/../libexec/gcc/xtensa-esp32-elf/11.2.0/cc1plus -quiet -v -iprefix /Users/heath/.espressif/tools/xtensa-esp32-elf/esp-2022r1-11.2.0/xtensa-esp32-elf/bin/../lib/gcc/xtensa-esp32-elf/11.2.0/ /Users/heath/Library/Application Support/JetBrains/Toolbox/apps/CLion/ch-0/223.8214.51/CLion.app/Contents/bin/cmake/mac/share/cmake-3.24/Modules/CMakeCXXCompilerABI.cpp -quiet -dumpdir CMakeFiles/cmTC_5c3bb.dir/ -dumpbase CMakeCXXCompilerABI.cpp.cpp -dumpbase-ext .cpp -mlongcalls -Wno-frame-address -version -fdiagnostics-color=always -o /var/folders/1h/q99727pj4bs65f2df8jgq5cr0000gn/T//ccNvEx46.s]
  ignore line: [GNU C++17 (crosstool-NG esp-2022r1) version 11.2.0 (xtensa-esp32-elf)]
  ignore line: [	compiled by GNU C version Apple LLVM 13.0.0 (clang-1300.0.27.3)  GMP version 6.2.1  MPFR version 4.1.0  MPC version 1.2.1  isl version isl-0.24-GMP]
  ignore line: []
  ignore line: [GGC heuristics: --param ggc-min-expand=100 --param ggc-min-heapsize=131072]
  ignore line: [ignoring duplicate directory "/Users/heath/.espressif/tools/xtensa-esp32-elf/esp-2022r1-11.2.0/xtensa-esp32-elf/bin/../lib/gcc/../../lib/gcc/xtensa-esp32-elf/11.2.0/../../../../xtensa-esp32-elf/include/c++/11.2.0"]
  ignore line: [ignoring duplicate directory "/Users/heath/.espressif/tools/xtensa-esp32-elf/esp-2022r1-11.2.0/xtensa-esp32-elf/bin/../lib/gcc/../../lib/gcc/xtensa-esp32-elf/11.2.0/../../../../xtensa-esp32-elf/include/c++/11.2.0/xtensa-esp32-elf"]
  ignore line: [ignoring duplicate directory "/Users/heath/.espressif/tools/xtensa-esp32-elf/esp-2022r1-11.2.0/xtensa-esp32-elf/bin/../lib/gcc/../../lib/gcc/xtensa-esp32-elf/11.2.0/../../../../xtensa-esp32-elf/include/c++/11.2.0/backward"]
  ignore line: [ignoring duplicate directory "/Users/heath/.espressif/tools/xtensa-esp32-elf/esp-2022r1-11.2.0/xtensa-esp32-elf/bin/../lib/gcc/../../lib/gcc/xtensa-esp32-elf/11.2.0/include"]
  ignore line: [ignoring duplicate directory "/Users/heath/.espressif/tools/xtensa-esp32-elf/esp-2022r1-11.2.0/xtensa-esp32-elf/bin/../lib/gcc/../../lib/gcc/xtensa-esp32-elf/11.2.0/include-fixed"]
  ignore line: [ignoring duplicate directory "/Users/heath/.espressif/tools/xtensa-esp32-elf/esp-2022r1-11.2.0/xtensa-esp32-elf/bin/../lib/gcc/../../lib/gcc/xtensa-esp32-elf/11.2.0/../../../../xtensa-esp32-elf/sys-include"]
  ignore line: [ignoring duplicate directory "/Users/heath/.espressif/tools/xtensa-esp32-elf/esp-2022r1-11.2.0/xtensa-esp32-elf/bin/../lib/gcc/../../lib/gcc/xtensa-esp32-elf/11.2.0/../../../../xtensa-esp32-elf/include"]
  ignore line: [#include "..." search starts here:]
  ignore line: [#include <...> search starts here:]
  ignore line: [ /Users/heath/.espressif/tools/xtensa-esp32-elf/esp-2022r1-11.2.0/xtensa-esp32-elf/bin/../lib/gcc/xtensa-esp32-elf/11.2.0/../../../../xtensa-esp32-elf/include/c++/11.2.0]
  ignore line: [ /Users/heath/.espressif/tools/xtensa-esp32-elf/esp-2022r1-11.2.0/xtensa-esp32-elf/bin/../lib/gcc/xtensa-esp32-elf/11.2.0/../../../../xtensa-esp32-elf/include/c++/11.2.0/xtensa-esp32-elf]
  ignore line: [ /Users/heath/.espressif/tools/xtensa-esp32-elf/esp-2022r1-11.2.0/xtensa-esp32-elf/bin/../lib/gcc/xtensa-esp32-elf/11.2.0/../../../../xtensa-esp32-elf/include/c++/11.2.0/backward]
  ignore line: [ /Users/heath/.espressif/tools/xtensa-esp32-elf/esp-2022r1-11.2.0/xtensa-esp32-elf/bin/../lib/gcc/xtensa-esp32-elf/11.2.0/include]
  ignore line: [ /Users/heath/.espressif/tools/xtensa-esp32-elf/esp-2022r1-11.2.0/xtensa-esp32-elf/bin/../lib/gcc/xtensa-esp32-elf/11.2.0/include-fixed]
  ignore line: [ /Users/heath/.espressif/tools/xtensa-esp32-elf/esp-2022r1-11.2.0/xtensa-esp32-elf/bin/../lib/gcc/xtensa-esp32-elf/11.2.0/../../../../xtensa-esp32-elf/sys-include]
  ignore line: [ /Users/heath/.espressif/tools/xtensa-esp32-elf/esp-2022r1-11.2.0/xtensa-esp32-elf/bin/../lib/gcc/xtensa-esp32-elf/11.2.0/../../../../xtensa-esp32-elf/include]
  ignore line: [End of search list.]
  ignore line: [GNU C++17 (crosstool-NG esp-2022r1) version 11.2.0 (xtensa-esp32-elf)]
  ignore line: [	compiled by GNU C version Apple LLVM 13.0.0 (clang-1300.0.27.3)  GMP version 6.2.1  MPFR version 4.1.0  MPC version 1.2.1  isl version isl-0.24-GMP]
  ignore line: []
  ignore line: [GGC heuristics: --param ggc-min-expand=100 --param ggc-min-heapsize=131072]
  ignore line: [Compiler executable checksum: 0ec0fa8f8350edface28efb76f87877e]
  ignore line: [COLLECT_GCC_OPTIONS='-fdiagnostics-color=always' '-mlongcalls' '-Wno-frame-address' '-v' '-o' 'CMakeFiles/cmTC_5c3bb.dir/CMakeCXXCompilerABI.cpp.obj' '-c' '-dumpdir' 'CMakeFiles/cmTC_5c3bb.dir/']
  ignore line: [ /Users/heath/.espressif/tools/xtensa-esp32-elf/esp-2022r1-11.2.0/xtensa-esp32-elf/bin/../lib/gcc/xtensa-esp32-elf/11.2.0/../../../../xtensa-esp32-elf/bin/as --traditional-format --longcalls -o CMakeFiles/cmTC_5c3bb.dir/CMakeCXXCompilerABI.cpp.obj /var/folders/1h/q99727pj4bs65f2df8jgq5cr0000gn/T//ccNvEx46.s]
  ignore line: [COMPILER_PATH=/Users/heath/.espressif/tools/xtensa-esp32-elf/esp-2022r1-11.2.0/xtensa-esp32-elf/bin/../libexec/gcc/xtensa-esp32-elf/11.2.0/:/Users/heath/.espressif/tools/xtensa-esp32-elf/esp-2022r1-11.2.0/xtensa-esp32-elf/bin/../libexec/gcc/:/Users/heath/.espressif/tools/xtensa-esp32-elf/esp-2022r1-11.2.0/xtensa-esp32-elf/bin/../lib/gcc/xtensa-esp32-elf/11.2.0/../../../../xtensa-esp32-elf/bin/]
  ignore line: [LIBRARY_PATH=/Users/heath/.espressif/tools/xtensa-esp32-elf/esp-2022r1-11.2.0/xtensa-esp32-elf/bin/../lib/gcc/xtensa-esp32-elf/11.2.0/:/Users/heath/.espressif/tools/xtensa-esp32-elf/esp-2022r1-11.2.0/xtensa-esp32-elf/bin/../lib/gcc/:/Users/heath/.espressif/tools/xtensa-esp32-elf/esp-2022r1-11.2.0/xtensa-esp32-elf/bin/../lib/gcc/xtensa-esp32-elf/11.2.0/../../../../xtensa-esp32-elf/lib/]
  ignore line: [COLLECT_GCC_OPTIONS='-fdiagnostics-color=always' '-mlongcalls' '-Wno-frame-address' '-v' '-o' 'CMakeFiles/cmTC_5c3bb.dir/CMakeCXXCompilerABI.cpp.obj' '-c' '-dumpdir' 'CMakeFiles/cmTC_5c3bb.dir/CMakeCXXCompilerABI.cpp.']
  ignore line: [[2/2] Linking CXX executable cmTC_5c3bb]
  ignore line: [Using built-in specs.]
  ignore line: [COLLECT_GCC=/Users/heath/.espressif/tools/xtensa-esp32-elf/esp-2022r1-11.2.0/xtensa-esp32-elf/bin/xtensa-esp32-elf-g++]
  ignore line: [COLLECT_LTO_WRAPPER=/Users/heath/.espressif/tools/xtensa-esp32-elf/esp-2022r1-11.2.0/xtensa-esp32-elf/bin/../libexec/gcc/xtensa-esp32-elf/11.2.0/lto-wrapper]
  ignore line: [Target: xtensa-esp32-elf]
  ignore line: [Configured with: /Users/brnomac003/.gitlab-runner/builds/qR2TxTby/1/idf/crosstool-NG/.build/xtensa-esp32-elf/src/gcc/configure --build=aarch64-build_apple-darwin21.4.0 --host=aarch64-build_apple-darwin21.4.0 --target=xtensa-esp32-elf --prefix=/Users/brnomac003/.gitlab-runner/builds/qR2TxTby/1/idf/crosstool-NG/builds/xtensa-esp32-elf --exec_prefix=/Users/brnomac003/.gitlab-runner/builds/qR2TxTby/1/idf/crosstool-NG/builds/xtensa-esp32-elf --with-local-prefix=/Users/brnomac003/.gitlab-runner/builds/qR2TxTby/1/idf/crosstool-NG/builds/xtensa-esp32-elf/xtensa-esp32-elf --with-headers=/Users/brnomac003/.gitlab-runner/builds/qR2TxTby/1/idf/crosstool-NG/builds/xtensa-esp32-elf/xtensa-esp32-elf/include --with-newlib --enable-threads=no --disable-shared --with-pkgversion='crosstool-NG esp-2022r1' --disable-__cxa_atexit --enable-cxx-flags=-ffunction-sections --disable-libgomp --disable-libmudflap --disable-libmpx --disable-libssp --disable-libquadmath --disable-libquadmath-support --disable-libstdcxx-verbose --with-gmp=/Users/brnomac003/.gitlab-runner/builds/qR2TxTby/1/idf/crosstool-NG/.build/xtensa-esp32-elf/buildtools --with-mpfr=/Users/brnomac003/.gitlab-runner/builds/qR2TxTby/1/idf/crosstool-NG/.build/xtensa-esp32-elf/buildtools --with-mpc=/Users/brnomac003/.gitlab-runner/builds/qR2TxTby/1/idf/crosstool-NG/.build/xtensa-esp32-elf/buildtools --with-isl=/Users/brnomac003/.gitlab-runner/builds/qR2TxTby/1/idf/crosstool-NG/.build/xtensa-esp32-elf/buildtools --enable-lto --enable-target-optspace --without-long-double-128 --disable-nls --enable-multiarch --enable-languages=c c++ --disable-libstdcxx-verbose --enable-threads=posix --enable-gcov-custom-rtio --enable-libstdcxx-time=yes]
  ignore line: [Thread model: posix]
  ignore line: [Supported LTO compression algorithms: zlib]
  ignore line: [gcc version 11.2.0 (crosstool-NG esp-2022r1) ]
  ignore line: [COMPILER_PATH=/Users/heath/.espressif/tools/xtensa-esp32-elf/esp-2022r1-11.2.0/xtensa-esp32-elf/bin/../libexec/gcc/xtensa-esp32-elf/11.2.0/:/Users/heath/.espressif/tools/xtensa-esp32-elf/esp-2022r1-11.2.0/xtensa-esp32-elf/bin/../libexec/gcc/:/Users/heath/.espressif/tools/xtensa-esp32-elf/esp-2022r1-11.2.0/xtensa-esp32-elf/bin/../lib/gcc/xtensa-esp32-elf/11.2.0/../../../../xtensa-esp32-elf/bin/]
  ignore line: [LIBRARY_PATH=/Users/heath/.espressif/tools/xtensa-esp32-elf/esp-2022r1-11.2.0/xtensa-esp32-elf/bin/../lib/gcc/xtensa-esp32-elf/11.2.0/:/Users/heath/.espressif/tools/xtensa-esp32-elf/esp-2022r1-11.2.0/xtensa-esp32-elf/bin/../lib/gcc/:/Users/heath/.espressif/tools/xtensa-esp32-elf/esp-2022r1-11.2.0/xtensa-esp32-elf/bin/../lib/gcc/xtensa-esp32-elf/11.2.0/../../../../xtensa-esp32-elf/lib/]
  ignore line: [COLLECT_GCC_OPTIONS='-mlongcalls' '-Wno-frame-address' '-v' '-o' 'cmTC_5c3bb' '-dumpdir' 'cmTC_5c3bb.']
  link line: [ /Users/heath/.espressif/tools/xtensa-esp32-elf/esp-2022r1-11.2.0/xtensa-esp32-elf/bin/../libexec/gcc/xtensa-esp32-elf/11.2.0/collect2 -plugin /Users/heath/.espressif/tools/xtensa-esp32-elf/esp-2022r1-11.2.0/xtensa-esp32-elf/bin/../libexec/gcc/xtensa-esp32-elf/11.2.0/liblto_plugin.so -plugin-opt=/Users/heath/.espressif/tools/xtensa-esp32-elf/esp-2022r1-11.2.0/xtensa-esp32-elf/bin/../libexec/gcc/xtensa-esp32-elf/11.2.0/lto-wrapper -plugin-opt=-fresolution=/var/folders/1h/q99727pj4bs65f2df8jgq5cr0000gn/T//ccfVLkFn.res -plugin-opt=-pass-through=-lgcc -plugin-opt=-pass-through=-lc -plugin-opt=-pass-through=-lnosys -plugin-opt=-pass-through=-lc -plugin-opt=-pass-through=-lgcc -o cmTC_5c3bb /Users/heath/.espressif/tools/xtensa-esp32-elf/esp-2022r1-11.2.0/xtensa-esp32-elf/bin/../lib/gcc/xtensa-esp32-elf/11.2.0/../../../../xtensa-esp32-elf/lib/crt0.o /Users/heath/.espressif/tools/xtensa-esp32-elf/esp-2022r1-11.2.0/xtensa-esp32-elf/bin/../lib/gcc/xtensa-esp32-elf/11.2.0/crti.o /Users/heath/.espressif/tools/xtensa-esp32-elf/esp-2022r1-11.2.0/xtensa-esp32-elf/bin/../lib/gcc/xtensa-esp32-elf/11.2.0/crtbegin.o -L/Users/heath/.espressif/tools/xtensa-esp32-elf/esp-2022r1-11.2.0/xtensa-esp32-elf/bin/../lib/gcc/xtensa-esp32-elf/11.2.0 -L/Users/heath/.espressif/tools/xtensa-esp32-elf/esp-2022r1-11.2.0/xtensa-esp32-elf/bin/../lib/gcc -L/Users/heath/.espressif/tools/xtensa-esp32-elf/esp-2022r1-11.2.0/xtensa-esp32-elf/bin/../lib/gcc/xtensa-esp32-elf/11.2.0/../../../../xtensa-esp32-elf/lib CMakeFiles/cmTC_5c3bb.dir/CMakeCXXCompilerABI.cpp.obj -lstdc++ -lm -lgcc -lc -lnosys -lc -lgcc /Users/heath/.espressif/tools/xtensa-esp32-elf/esp-2022r1-11.2.0/xtensa-esp32-elf/bin/../lib/gcc/xtensa-esp32-elf/11.2.0/crtend.o /Users/heath/.espressif/tools/xtensa-esp32-elf/esp-2022r1-11.2.0/xtensa-esp32-elf/bin/../lib/gcc/xtensa-esp32-elf/11.2.0/crtn.o]
    arg [/Users/heath/.espressif/tools/xtensa-esp32-elf/esp-2022r1-11.2.0/xtensa-esp32-elf/bin/../libexec/gcc/xtensa-esp32-elf/11.2.0/collect2] ==> ignore
    arg [-plugin] ==> ignore
    arg [/Users/heath/.espressif/tools/xtensa-esp32-elf/esp-2022r1-11.2.0/xtensa-esp32-elf/bin/../libexec/gcc/xtensa-esp32-elf/11.2.0/liblto_plugin.so] ==> ignore
    arg [-plugin-opt=/Users/heath/.espressif/tools/xtensa-esp32-elf/esp-2022r1-11.2.0/xtensa-esp32-elf/bin/../libexec/gcc/xtensa-esp32-elf/11.2.0/lto-wrapper] ==> ignore
    arg [-plugin-opt=-fresolution=/var/folders/1h/q99727pj4bs65f2df8jgq5cr0000gn/T//ccfVLkFn.res] ==> ignore
    arg [-plugin-opt=-pass-through=-lgcc] ==> ignore
    arg [-plugin-opt=-pass-through=-lc] ==> ignore
    arg [-plugin-opt=-pass-through=-lnosys] ==> ignore
    arg [-plugin-opt=-pass-through=-lc] ==> ignore
    arg [-plugin-opt=-pass-through=-lgcc] ==> ignore
    arg [-o] ==> ignore
    arg [cmTC_5c3bb] ==> ignore
    arg [/Users/heath/.espressif/tools/xtensa-esp32-elf/esp-2022r1-11.2.0/xtensa-esp32-elf/bin/../lib/gcc/xtensa-esp32-elf/11.2.0/../../../../xtensa-esp32-elf/lib/crt0.o] ==> obj [/Users/heath/.espressif/tools/xtensa-esp32-elf/esp-2022r1-11.2.0/xtensa-esp32-elf/bin/../lib/gcc/xtensa-esp32-elf/11.2.0/../../../../xtensa-esp32-elf/lib/crt0.o]
    arg [/Users/heath/.espressif/tools/xtensa-esp32-elf/esp-2022r1-11.2.0/xtensa-esp32-elf/bin/../lib/gcc/xtensa-esp32-elf/11.2.0/crti.o] ==> obj [/Users/heath/.espressif/tools/xtensa-esp32-elf/esp-2022r1-11.2.0/xtensa-esp32-elf/bin/../lib/gcc/xtensa-esp32-elf/11.2.0/crti.o]
    arg [/Users/heath/.espressif/tools/xtensa-esp32-elf/esp-2022r1-11.2.0/xtensa-esp32-elf/bin/../lib/gcc/xtensa-esp32-elf/11.2.0/crtbegin.o] ==> obj [/Users/heath/.espressif/tools/xtensa-esp32-elf/esp-2022r1-11.2.0/xtensa-esp32-elf/bin/../lib/gcc/xtensa-esp32-elf/11.2.0/crtbegin.o]
    arg [-L/Users/heath/.espressif/tools/xtensa-esp32-elf/esp-2022r1-11.2.0/xtensa-esp32-elf/bin/../lib/gcc/xtensa-esp32-elf/11.2.0] ==> dir [/Users/heath/.espressif/tools/xtensa-esp32-elf/esp-2022r1-11.2.0/xtensa-esp32-elf/bin/../lib/gcc/xtensa-esp32-elf/11.2.0]
    arg [-L/Users/heath/.espressif/tools/xtensa-esp32-elf/esp-2022r1-11.2.0/xtensa-esp32-elf/bin/../lib/gcc] ==> dir [/Users/heath/.espressif/tools/xtensa-esp32-elf/esp-2022r1-11.2.0/xtensa-esp32-elf/bin/../lib/gcc]
    arg [-L/Users/heath/.espressif/tools/xtensa-esp32-elf/esp-2022r1-11.2.0/xtensa-esp32-elf/bin/../lib/gcc/xtensa-esp32-elf/11.2.0/../../../../xtensa-esp32-elf/lib] ==> dir [/Users/heath/.espressif/tools/xtensa-esp32-elf/esp-2022r1-11.2.0/xtensa-esp32-elf/bin/../lib/gcc/xtensa-esp32-elf/11.2.0/../../../../xtensa-esp32-elf/lib]
    arg [CMakeFiles/cmTC_5c3bb.dir/CMakeCXXCompilerABI.cpp.obj] ==> ignore
    arg [-lstdc++] ==> lib [stdc++]
    arg [-lm] ==> lib [m]
    arg [-lgcc] ==> lib [gcc]
    arg [-lc] ==> lib [c]
    arg [-lnosys] ==> lib [nosys]
    arg [-lc] ==> lib [c]
    arg [-lgcc] ==> lib [gcc]
    arg [/Users/heath/.espressif/tools/xtensa-esp32-elf/esp-2022r1-11.2.0/xtensa-esp32-elf/bin/../lib/gcc/xtensa-esp32-elf/11.2.0/crtend.o] ==> obj [/Users/heath/.espressif/tools/xtensa-esp32-elf/esp-2022r1-11.2.0/xtensa-esp32-elf/bin/../lib/gcc/xtensa-esp32-elf/11.2.0/crtend.o]
    arg [/Users/heath/.espressif/tools/xtensa-esp32-elf/esp-2022r1-11.2.0/xtensa-esp32-elf/bin/../lib/gcc/xtensa-esp32-elf/11.2.0/crtn.o] ==> obj [/Users/heath/.espressif/tools/xtensa-esp32-elf/esp-2022r1-11.2.0/xtensa-esp32-elf/bin/../lib/gcc/xtensa-esp32-elf/11.2.0/crtn.o]
  collapse obj [/Users/heath/.espressif/tools/xtensa-esp32-elf/esp-2022r1-11.2.0/xtensa-esp32-elf/bin/../lib/gcc/xtensa-esp32-elf/11.2.0/../../../../xtensa-esp32-elf/lib/crt0.o] ==> [/Users/heath/.espressif/tools/xtensa-esp32-elf/esp-2022r1-11.2.0/xtensa-esp32-elf/xtensa-esp32-elf/lib/crt0.o]
  collapse obj [/Users/heath/.espressif/tools/xtensa-esp32-elf/esp-2022r1-11.2.0/xtensa-esp32-elf/bin/../lib/gcc/xtensa-esp32-elf/11.2.0/crti.o] ==> [/Users/heath/.espressif/tools/xtensa-esp32-elf/esp-2022r1-11.2.0/xtensa-esp32-elf/lib/gcc/xtensa-esp32-elf/11.2.0/crti.o]
  collapse obj [/Users/heath/.espressif/tools/xtensa-esp32-elf/esp-2022r1-11.2.0/xtensa-esp32-elf/bin/../lib/gcc/xtensa-esp32-elf/11.2.0/crtbegin.o] ==> [/Users/heath/.espressif/tools/xtensa-esp32-elf/esp-2022r1-11.2.0/xtensa-esp32-elf/lib/gcc/xtensa-esp32-elf/11.2.0/crtbegin.o]
  collapse obj [/Users/heath/.espressif/tools/xtensa-esp32-elf/esp-2022r1-11.2.0/xtensa-esp32-elf/bin/../lib/gcc/xtensa-esp32-elf/11.2.0/crtend.o] ==> [/Users/heath/.espressif/tools/xtensa-esp32-elf/esp-2022r1-11.2.0/xtensa-esp32-elf/lib/gcc/xtensa-esp32-elf/11.2.0/crtend.o]
  collapse obj [/Users/heath/.espressif/tools/xtensa-esp32-elf/esp-2022r1-11.2.0/xtensa-esp32-elf/bin/../lib/gcc/xtensa-esp32-elf/11.2.0/crtn.o] ==> [/Users/heath/.espressif/tools/xtensa-esp32-elf/esp-2022r1-11.2.0/xtensa-esp32-elf/lib/gcc/xtensa-esp32-elf/11.2.0/crtn.o]
  collapse library dir [/Users/heath/.espressif/tools/xtensa-esp32-elf/esp-2022r1-11.2.0/xtensa-esp32-elf/bin/../lib/gcc/xtensa-esp32-elf/11.2.0] ==> [/Users/heath/.espressif/tools/xtensa-esp32-elf/esp-2022r1-11.2.0/xtensa-esp32-elf/lib/gcc/xtensa-esp32-elf/11.2.0]
  collapse library dir [/Users/heath/.espressif/tools/xtensa-esp32-elf/esp-2022r1-11.2.0/xtensa-esp32-elf/bin/../lib/gcc] ==> [/Users/heath/.espressif/tools/xtensa-esp32-elf/esp-2022r1-11.2.0/xtensa-esp32-elf/lib/gcc]
  collapse library dir [/Users/heath/.espressif/tools/xtensa-esp32-elf/esp-2022r1-11.2.0/xtensa-esp32-elf/bin/../lib/gcc/xtensa-esp32-elf/11.2.0/../../../../xtensa-esp32-elf/lib] ==> [/Users/heath/.espressif/tools/xtensa-esp32-elf/esp-2022r1-11.2.0/xtensa-esp32-elf/xtensa-esp32-elf/lib]
  implicit libs: [stdc++;m;gcc;c;nosys;c;gcc]
  implicit objs: [/Users/heath/.espressif/tools/xtensa-esp32-elf/esp-2022r1-11.2.0/xtensa-esp32-elf/xtensa-esp32-elf/lib/crt0.o;/Users/heath/.espressif/tools/xtensa-esp32-elf/esp-2022r1-11.2.0/xtensa-esp32-elf/lib/gcc/xtensa-esp32-elf/11.2.0/crti.o;/Users/heath/.espressif/tools/xtensa-esp32-elf/esp-2022r1-11.2.0/xtensa-esp32-elf/lib/gcc/xtensa-esp32-elf/11.2.0/crtbegin.o;/Users/heath/.espressif/tools/xtensa-esp32-elf/esp-2022r1-11.2.0/xtensa-esp32-elf/lib/gcc/xtensa-esp32-elf/11.2.0/crtend.o;/Users/heath/.espressif/tools/xtensa-esp32-elf/esp-2022r1-11.2.0/xtensa-esp32-elf/lib/gcc/xtensa-esp32-elf/11.2.0/crtn.o]
  implicit dirs: [/Users/heath/.espressif/tools/xtensa-esp32-elf/esp-2022r1-11.2.0/xtensa-esp32-elf/lib/gcc/xtensa-esp32-elf/11.2.0;/Users/heath/.espressif/tools/xtensa-esp32-elf/esp-2022r1-11.2.0/xtensa-esp32-elf/lib/gcc;/Users/heath/.espressif/tools/xtensa-esp32-elf/esp-2022r1-11.2.0/xtensa-esp32-elf/xtensa-esp32-elf/lib]
  implicit fwks: []


Determining if the include file sys/types.h exists passed with the following output:
Change Dir: /Users/heath/Library/CloudStorage/OneDrive-Function0/40-Software/02-Development/test4/cmake-build-debug/CMakeFiles/CMakeTmp

Run Build Command(s):/Users/heath/Library/Application Support/JetBrains/Toolbox/apps/CLion/ch-0/223.8214.51/CLion.app/Contents/bin/ninja/mac/ninja cmTC_06c7b && [1/2] Building C object CMakeFiles/cmTC_06c7b.dir/CheckIncludeFile.c.obj
[2/2] Linking C executable cmTC_06c7b



Determining if the include file stdint.h exists passed with the following output:
Change Dir: /Users/heath/Library/CloudStorage/OneDrive-Function0/40-Software/02-Development/test4/cmake-build-debug/CMakeFiles/CMakeTmp

Run Build Command(s):/Users/heath/Library/Application Support/JetBrains/Toolbox/apps/CLion/ch-0/223.8214.51/CLion.app/Contents/bin/ninja/mac/ninja cmTC_d7d26 && [1/2] Building C object CMakeFiles/cmTC_d7d26.dir/CheckIncludeFile.c.obj
[2/2] Linking C executable cmTC_d7d26



Determining if the include file stddef.h exists passed with the following output:
Change Dir: /Users/heath/Library/CloudStorage/OneDrive-Function0/40-Software/02-Development/test4/cmake-build-debug/CMakeFiles/CMakeTmp

Run Build Command(s):/Users/heath/Library/Application Support/JetBrains/Toolbox/apps/CLion/ch-0/223.8214.51/CLion.app/Contents/bin/ninja/mac/ninja cmTC_de314 && [1/2] Building C object CMakeFiles/cmTC_de314.dir/CheckIncludeFile.c.obj
[2/2] Linking C executable cmTC_de314



Determining size of time_t passed with the following output:
Change Dir: /Users/heath/Library/CloudStorage/OneDrive-Function0/40-Software/02-Development/test4/cmake-build-debug/CMakeFiles/CMakeTmp

Run Build Command(s):/Users/heath/Library/Application Support/JetBrains/Toolbox/apps/CLion/ch-0/223.8214.51/CLion.app/Contents/bin/ninja/mac/ninja cmTC_8ec94 && [1/2] Building C object CMakeFiles/cmTC_8ec94.dir/TIME_T_SIZE.c.obj
[2/2] Linking C executable cmTC_8ec94



Performing C SOURCE FILE Test C_COMPILER_SUPPORTS_WFORMAT_SIGNEDNESS succeeded with the following output:
Change Dir: /Users/heath/Library/CloudStorage/OneDrive-Function0/40-Software/02-Development/test4/cmake-build-debug/CMakeFiles/CMakeTmp

Run Build Command(s):/Users/heath/Library/Application Support/JetBrains/Toolbox/apps/CLion/ch-0/223.8214.51/CLion.app/Contents/bin/ninja/mac/ninja cmTC_f7230 && [1/2] Building C object CMakeFiles/cmTC_f7230.dir/src.c.obj
[2/2] Linking C executable cmTC_f7230


Source file was:
int main(void) { return 0; }
